Spark Command: /usr/local/openjdk-11/bin/java -cp /opt/spark/conf/:/opt/spark/jars/* -Dspark.history.fs.logDirectory=file:///tmp/spark-events -XX:+IgnoreUnrecognizedVMOptions -XX:+HeapDumpOnOutOfMemoryError -XX:HeapDumpPath=/var/log/spark/HistoryHeapDump_18080 -XX:+PrintGCDetails -XX:+PrintGCTimeStamps -Xloggc:/var/log/spark/SparkHistoryServer_GC_18080.log -Xmx4g org.apache.spark.deploy.history.HistoryServer
========================================
[0.007s][warning][gc] -Xloggc is deprecated. Will use -Xlog:gc:/var/log/spark/SparkHistoryServer_GC_18080.log instead.
[0.009s][warning][gc] -XX:+PrintGCDetails is deprecated. Will use -Xlog:gc* instead.
Using Spark's default log4j profile: org/apache/spark/log4j2-defaults.properties
24/05/16 20:00:50 INFO HistoryServer: Started daemon with process name: 27@5ea35cb32f71
24/05/16 20:00:50 INFO SignalUtils: Registering signal handler for TERM
24/05/16 20:00:50 INFO SignalUtils: Registering signal handler for HUP
24/05/16 20:00:50 INFO SignalUtils: Registering signal handler for INT
24/05/16 20:00:50 WARN NativeCodeLoader: Unable to load native-hadoop library for your platform... using builtin-java classes where applicable
24/05/16 20:00:51 INFO SecurityManager: Changing view acls to: root
24/05/16 20:00:51 INFO SecurityManager: Changing modify acls to: root
24/05/16 20:00:51 INFO SecurityManager: Changing view acls groups to: 
24/05/16 20:00:51 INFO SecurityManager: Changing modify acls groups to: 
24/05/16 20:00:51 INFO SecurityManager: SecurityManager: authentication disabled; ui acls disabled; users with view permissions: root; groups with view permissions: EMPTY; users with modify permissions: root; groups with modify permissions: EMPTY
24/05/16 20:00:51 INFO FsHistoryProvider: History server ui acls disabled; users with admin permissions: ; groups with admin permissions: 
24/05/16 20:00:51 INFO JettyUtils: Start Jetty 0.0.0.0:18080 for HistoryServerUI
24/05/16 20:00:51 INFO Utils: Successfully started service 'HistoryServerUI' on port 18080.
24/05/16 20:00:51 INFO HistoryServer: Bound HistoryServer to 0.0.0.0, and started at http://5ea35cb32f71:18080
24/05/16 20:00:51 INFO FsHistoryProvider: Parsing file:/tmp/spark-events/spark--org.apache.spark.deploy.history.HistoryServer-1-5ea35cb32f71.out for listing data...
24/05/16 20:00:51 INFO FsHistoryProvider: Parsing file:/tmp/spark-events/SparkHistoryServer_GC_18080.log for listing data...
24/05/16 20:00:52 ERROR FsHistoryProvider: Exception while merging application listings
org.apache.spark.SparkIllegalArgumentException: [CODEC_NOT_AVAILABLE] The codec out is not available. Consider to set the config "spark.io.compression.codec" to "snappy".
	at org.apache.spark.io.CompressionCodec$.$anonfun$createCodec$2(CompressionCodec.scala:92)
	at scala.Option.getOrElse(Option.scala:189)
	at org.apache.spark.io.CompressionCodec$.createCodec(CompressionCodec.scala:92)
	at org.apache.spark.deploy.history.EventLogFileReader$.$anonfun$openEventLog$2(EventLogFileReaders.scala:142)
	at java.base/java.util.concurrent.ConcurrentHashMap.computeIfAbsent(ConcurrentHashMap.java:1705)
	at org.apache.spark.deploy.history.EventLogFileReader$.$anonfun$openEventLog$1(EventLogFileReaders.scala:142)
	at scala.Option.map(Option.scala:230)
	at org.apache.spark.deploy.history.EventLogFileReader$.openEventLog(EventLogFileReaders.scala:141)
	at org.apache.spark.deploy.history.FsHistoryProvider.$anonfun$parseAppEventLogs$2(FsHistoryProvider.scala:1138)
	at org.apache.spark.util.SparkErrorUtils.tryWithResource(SparkErrorUtils.scala:47)
	at org.apache.spark.util.SparkErrorUtils.tryWithResource$(SparkErrorUtils.scala:46)
	at org.apache.spark.util.Utils$.tryWithResource(Utils.scala:94)
	at org.apache.spark.deploy.history.FsHistoryProvider.$anonfun$parseAppEventLogs$1(FsHistoryProvider.scala:1138)
	at org.apache.spark.deploy.history.FsHistoryProvider.$anonfun$parseAppEventLogs$1$adapted(FsHistoryProvider.scala:1136)
	at scala.collection.immutable.List.foreach(List.scala:431)
	at org.apache.spark.deploy.history.FsHistoryProvider.parseAppEventLogs(FsHistoryProvider.scala:1136)
	at org.apache.spark.deploy.history.FsHistoryProvider.doMergeApplicationListingInternal(FsHistoryProvider.scala:796)
	at org.apache.spark.deploy.history.FsHistoryProvider.doMergeApplicationListing(FsHistoryProvider.scala:765)
	at org.apache.spark.deploy.history.FsHistoryProvider.mergeApplicationListing(FsHistoryProvider.scala:714)
	at org.apache.spark.deploy.history.FsHistoryProvider.$anonfun$checkForLogs$18(FsHistoryProvider.scala:581)
	at java.base/java.util.concurrent.Executors$RunnableAdapter.call(Executors.java:515)
	at java.base/java.util.concurrent.FutureTask.run(FutureTask.java:264)
	at java.base/java.util.concurrent.ThreadPoolExecutor.runWorker(ThreadPoolExecutor.java:1128)
	at java.base/java.util.concurrent.ThreadPoolExecutor$Worker.run(ThreadPoolExecutor.java:628)
	at java.base/java.lang.Thread.run(Thread.java:829)
24/05/16 20:00:52 ERROR FsHistoryProvider: Exception while merging application listings
org.apache.spark.SparkIllegalArgumentException: [CODEC_NOT_AVAILABLE] The codec log is not available. Consider to set the config "spark.io.compression.codec" to "snappy".
	at org.apache.spark.io.CompressionCodec$.$anonfun$createCodec$2(CompressionCodec.scala:92)
	at scala.Option.getOrElse(Option.scala:189)
	at org.apache.spark.io.CompressionCodec$.createCodec(CompressionCodec.scala:92)
	at org.apache.spark.deploy.history.EventLogFileReader$.$anonfun$openEventLog$2(EventLogFileReaders.scala:142)
	at java.base/java.util.concurrent.ConcurrentHashMap.computeIfAbsent(ConcurrentHashMap.java:1705)
	at org.apache.spark.deploy.history.EventLogFileReader$.$anonfun$openEventLog$1(EventLogFileReaders.scala:142)
	at scala.Option.map(Option.scala:230)
	at org.apache.spark.deploy.history.EventLogFileReader$.openEventLog(EventLogFileReaders.scala:141)
	at org.apache.spark.deploy.history.FsHistoryProvider.$anonfun$parseAppEventLogs$2(FsHistoryProvider.scala:1138)
	at org.apache.spark.util.SparkErrorUtils.tryWithResource(SparkErrorUtils.scala:47)
	at org.apache.spark.util.SparkErrorUtils.tryWithResource$(SparkErrorUtils.scala:46)
	at org.apache.spark.util.Utils$.tryWithResource(Utils.scala:94)
	at org.apache.spark.deploy.history.FsHistoryProvider.$anonfun$parseAppEventLogs$1(FsHistoryProvider.scala:1138)
	at org.apache.spark.deploy.history.FsHistoryProvider.$anonfun$parseAppEventLogs$1$adapted(FsHistoryProvider.scala:1136)
	at scala.collection.immutable.List.foreach(List.scala:431)
	at org.apache.spark.deploy.history.FsHistoryProvider.parseAppEventLogs(FsHistoryProvider.scala:1136)
	at org.apache.spark.deploy.history.FsHistoryProvider.doMergeApplicationListingInternal(FsHistoryProvider.scala:796)
	at org.apache.spark.deploy.history.FsHistoryProvider.doMergeApplicationListing(FsHistoryProvider.scala:765)
	at org.apache.spark.deploy.history.FsHistoryProvider.mergeApplicationListing(FsHistoryProvider.scala:714)
	at org.apache.spark.deploy.history.FsHistoryProvider.$anonfun$checkForLogs$18(FsHistoryProvider.scala:581)
	at java.base/java.util.concurrent.Executors$RunnableAdapter.call(Executors.java:515)
	at java.base/java.util.concurrent.FutureTask.run(FutureTask.java:264)
	at java.base/java.util.concurrent.ThreadPoolExecutor.runWorker(ThreadPoolExecutor.java:1128)
	at java.base/java.util.concurrent.ThreadPoolExecutor$Worker.run(ThreadPoolExecutor.java:628)
	at java.base/java.lang.Thread.run(Thread.java:829)
24/05/16 20:00:52 INFO FsHistoryProvider: Parsing file:/tmp/spark-events/spark-history_18080.log for listing data...
24/05/16 20:00:52 INFO FsHistoryProvider: Parsing file:/tmp/spark-events/spark--org.apache.spark.deploy.history.HistoryServer-1-30f3ec7f6753.out for listing data...
24/05/16 20:00:52 ERROR FsHistoryProvider: Exception while merging application listings
org.apache.spark.SparkIllegalArgumentException: [CODEC_NOT_AVAILABLE] The codec log is not available. Consider to set the config "spark.io.compression.codec" to "snappy".
	at org.apache.spark.io.CompressionCodec$.$anonfun$createCodec$2(CompressionCodec.scala:92)
	at scala.Option.getOrElse(Option.scala:189)
	at org.apache.spark.io.CompressionCodec$.createCodec(CompressionCodec.scala:92)
	at org.apache.spark.deploy.history.EventLogFileReader$.$anonfun$openEventLog$2(EventLogFileReaders.scala:142)
	at java.base/java.util.concurrent.ConcurrentHashMap.computeIfAbsent(ConcurrentHashMap.java:1705)
	at org.apache.spark.deploy.history.EventLogFileReader$.$anonfun$openEventLog$1(EventLogFileReaders.scala:142)
	at scala.Option.map(Option.scala:230)
	at org.apache.spark.deploy.history.EventLogFileReader$.openEventLog(EventLogFileReaders.scala:141)
	at org.apache.spark.deploy.history.FsHistoryProvider.$anonfun$parseAppEventLogs$2(FsHistoryProvider.scala:1138)
	at org.apache.spark.util.SparkErrorUtils.tryWithResource(SparkErrorUtils.scala:47)
	at org.apache.spark.util.SparkErrorUtils.tryWithResource$(SparkErrorUtils.scala:46)
	at org.apache.spark.util.Utils$.tryWithResource(Utils.scala:94)
	at org.apache.spark.deploy.history.FsHistoryProvider.$anonfun$parseAppEventLogs$1(FsHistoryProvider.scala:1138)
	at org.apache.spark.deploy.history.FsHistoryProvider.$anonfun$parseAppEventLogs$1$adapted(FsHistoryProvider.scala:1136)
	at scala.collection.immutable.List.foreach(List.scala:431)
	at org.apache.spark.deploy.history.FsHistoryProvider.parseAppEventLogs(FsHistoryProvider.scala:1136)
	at org.apache.spark.deploy.history.FsHistoryProvider.doMergeApplicationListingInternal(FsHistoryProvider.scala:796)
	at org.apache.spark.deploy.history.FsHistoryProvider.doMergeApplicationListing(FsHistoryProvider.scala:765)
	at org.apache.spark.deploy.history.FsHistoryProvider.mergeApplicationListing(FsHistoryProvider.scala:714)
	at org.apache.spark.deploy.history.FsHistoryProvider.$anonfun$checkForLogs$18(FsHistoryProvider.scala:581)
	at java.base/java.util.concurrent.Executors$RunnableAdapter.call(Executors.java:515)
	at java.base/java.util.concurrent.FutureTask.run(FutureTask.java:264)
	at java.base/java.util.concurrent.ThreadPoolExecutor.runWorker(ThreadPoolExecutor.java:1128)
	at java.base/java.util.concurrent.ThreadPoolExecutor$Worker.run(ThreadPoolExecutor.java:628)
	at java.base/java.lang.Thread.run(Thread.java:829)
24/05/16 20:00:52 ERROR FsHistoryProvider: Exception while merging application listings
org.apache.spark.SparkIllegalArgumentException: [CODEC_NOT_AVAILABLE] The codec out is not available. Consider to set the config "spark.io.compression.codec" to "snappy".
	at org.apache.spark.io.CompressionCodec$.$anonfun$createCodec$2(CompressionCodec.scala:92)
	at scala.Option.getOrElse(Option.scala:189)
	at org.apache.spark.io.CompressionCodec$.createCodec(CompressionCodec.scala:92)
	at org.apache.spark.deploy.history.EventLogFileReader$.$anonfun$openEventLog$2(EventLogFileReaders.scala:142)
	at java.base/java.util.concurrent.ConcurrentHashMap.computeIfAbsent(ConcurrentHashMap.java:1705)
	at org.apache.spark.deploy.history.EventLogFileReader$.$anonfun$openEventLog$1(EventLogFileReaders.scala:142)
	at scala.Option.map(Option.scala:230)
	at org.apache.spark.deploy.history.EventLogFileReader$.openEventLog(EventLogFileReaders.scala:141)
	at org.apache.spark.deploy.history.FsHistoryProvider.$anonfun$parseAppEventLogs$2(FsHistoryProvider.scala:1138)
	at org.apache.spark.util.SparkErrorUtils.tryWithResource(SparkErrorUtils.scala:47)
	at org.apache.spark.util.SparkErrorUtils.tryWithResource$(SparkErrorUtils.scala:46)
	at org.apache.spark.util.Utils$.tryWithResource(Utils.scala:94)
	at org.apache.spark.deploy.history.FsHistoryProvider.$anonfun$parseAppEventLogs$1(FsHistoryProvider.scala:1138)
	at org.apache.spark.deploy.history.FsHistoryProvider.$anonfun$parseAppEventLogs$1$adapted(FsHistoryProvider.scala:1136)
	at scala.collection.immutable.List.foreach(List.scala:431)
	at org.apache.spark.deploy.history.FsHistoryProvider.parseAppEventLogs(FsHistoryProvider.scala:1136)
	at org.apache.spark.deploy.history.FsHistoryProvider.doMergeApplicationListingInternal(FsHistoryProvider.scala:796)
	at org.apache.spark.deploy.history.FsHistoryProvider.doMergeApplicationListing(FsHistoryProvider.scala:765)
	at org.apache.spark.deploy.history.FsHistoryProvider.mergeApplicationListing(FsHistoryProvider.scala:714)
	at org.apache.spark.deploy.history.FsHistoryProvider.$anonfun$checkForLogs$18(FsHistoryProvider.scala:581)
	at java.base/java.util.concurrent.Executors$RunnableAdapter.call(Executors.java:515)
	at java.base/java.util.concurrent.FutureTask.run(FutureTask.java:264)
	at java.base/java.util.concurrent.ThreadPoolExecutor.runWorker(ThreadPoolExecutor.java:1128)
	at java.base/java.util.concurrent.ThreadPoolExecutor$Worker.run(ThreadPoolExecutor.java:628)
	at java.base/java.lang.Thread.run(Thread.java:829)
24/05/16 20:00:52 INFO FsHistoryProvider: Parsing file:/tmp/spark-events/SparkHistoryServer_GC_18080.log.1 for listing data...
24/05/16 20:00:52 INFO FsHistoryProvider: Parsing file:/tmp/spark-events/spark--org.apache.spark.deploy.history.HistoryServer-1-5f01732a2dc3.out for listing data...
24/05/16 20:00:52 ERROR FsHistoryProvider: Exception while merging application listings
org.apache.spark.SparkIllegalArgumentException: [CODEC_NOT_AVAILABLE] The codec out is not available. Consider to set the config "spark.io.compression.codec" to "snappy".
	at org.apache.spark.io.CompressionCodec$.$anonfun$createCodec$2(CompressionCodec.scala:92)
	at scala.Option.getOrElse(Option.scala:189)
	at org.apache.spark.io.CompressionCodec$.createCodec(CompressionCodec.scala:92)
	at org.apache.spark.deploy.history.EventLogFileReader$.$anonfun$openEventLog$2(EventLogFileReaders.scala:142)
	at java.base/java.util.concurrent.ConcurrentHashMap.computeIfAbsent(ConcurrentHashMap.java:1705)
	at org.apache.spark.deploy.history.EventLogFileReader$.$anonfun$openEventLog$1(EventLogFileReaders.scala:142)
	at scala.Option.map(Option.scala:230)
	at org.apache.spark.deploy.history.EventLogFileReader$.openEventLog(EventLogFileReaders.scala:141)
	at org.apache.spark.deploy.history.FsHistoryProvider.$anonfun$parseAppEventLogs$2(FsHistoryProvider.scala:1138)
	at org.apache.spark.util.SparkErrorUtils.tryWithResource(SparkErrorUtils.scala:47)
	at org.apache.spark.util.SparkErrorUtils.tryWithResource$(SparkErrorUtils.scala:46)
	at org.apache.spark.util.Utils$.tryWithResource(Utils.scala:94)
	at org.apache.spark.deploy.history.FsHistoryProvider.$anonfun$parseAppEventLogs$1(FsHistoryProvider.scala:1138)
	at org.apache.spark.deploy.history.FsHistoryProvider.$anonfun$parseAppEventLogs$1$adapted(FsHistoryProvider.scala:1136)
	at scala.collection.immutable.List.foreach(List.scala:431)
	at org.apache.spark.deploy.history.FsHistoryProvider.parseAppEventLogs(FsHistoryProvider.scala:1136)
	at org.apache.spark.deploy.history.FsHistoryProvider.doMergeApplicationListingInternal(FsHistoryProvider.scala:796)
	at org.apache.spark.deploy.history.FsHistoryProvider.doMergeApplicationListing(FsHistoryProvider.scala:765)
	at org.apache.spark.deploy.history.FsHistoryProvider.mergeApplicationListing(FsHistoryProvider.scala:714)
	at org.apache.spark.deploy.history.FsHistoryProvider.$anonfun$checkForLogs$18(FsHistoryProvider.scala:581)
	at java.base/java.util.concurrent.Executors$RunnableAdapter.call(Executors.java:515)
	at java.base/java.util.concurrent.FutureTask.run(FutureTask.java:264)
	at java.base/java.util.concurrent.ThreadPoolExecutor.runWorker(ThreadPoolExecutor.java:1128)
	at java.base/java.util.concurrent.ThreadPoolExecutor$Worker.run(ThreadPoolExecutor.java:628)
	at java.base/java.lang.Thread.run(Thread.java:829)
24/05/16 20:00:52 ERROR FsHistoryProvider: Exception while merging application listings
org.apache.spark.SparkIllegalArgumentException: [CODEC_NOT_AVAILABLE] The codec 1 is not available. Consider to set the config "spark.io.compression.codec" to "snappy".
	at org.apache.spark.io.CompressionCodec$.$anonfun$createCodec$2(CompressionCodec.scala:92)
	at scala.Option.getOrElse(Option.scala:189)
	at org.apache.spark.io.CompressionCodec$.createCodec(CompressionCodec.scala:92)
	at org.apache.spark.deploy.history.EventLogFileReader$.$anonfun$openEventLog$2(EventLogFileReaders.scala:142)
	at java.base/java.util.concurrent.ConcurrentHashMap.computeIfAbsent(ConcurrentHashMap.java:1705)
	at org.apache.spark.deploy.history.EventLogFileReader$.$anonfun$openEventLog$1(EventLogFileReaders.scala:142)
	at scala.Option.map(Option.scala:230)
	at org.apache.spark.deploy.history.EventLogFileReader$.openEventLog(EventLogFileReaders.scala:141)
	at org.apache.spark.deploy.history.FsHistoryProvider.$anonfun$parseAppEventLogs$2(FsHistoryProvider.scala:1138)
	at org.apache.spark.util.SparkErrorUtils.tryWithResource(SparkErrorUtils.scala:47)
	at org.apache.spark.util.SparkErrorUtils.tryWithResource$(SparkErrorUtils.scala:46)
	at org.apache.spark.util.Utils$.tryWithResource(Utils.scala:94)
	at org.apache.spark.deploy.history.FsHistoryProvider.$anonfun$parseAppEventLogs$1(FsHistoryProvider.scala:1138)
	at org.apache.spark.deploy.history.FsHistoryProvider.$anonfun$parseAppEventLogs$1$adapted(FsHistoryProvider.scala:1136)
	at scala.collection.immutable.List.foreach(List.scala:431)
	at org.apache.spark.deploy.history.FsHistoryProvider.parseAppEventLogs(FsHistoryProvider.scala:1136)
	at org.apache.spark.deploy.history.FsHistoryProvider.doMergeApplicationListingInternal(FsHistoryProvider.scala:796)
	at org.apache.spark.deploy.history.FsHistoryProvider.doMergeApplicationListing(FsHistoryProvider.scala:765)
	at org.apache.spark.deploy.history.FsHistoryProvider.mergeApplicationListing(FsHistoryProvider.scala:714)
	at org.apache.spark.deploy.history.FsHistoryProvider.$anonfun$checkForLogs$18(FsHistoryProvider.scala:581)
	at java.base/java.util.concurrent.Executors$RunnableAdapter.call(Executors.java:515)
	at java.base/java.util.concurrent.FutureTask.run(FutureTask.java:264)
	at java.base/java.util.concurrent.ThreadPoolExecutor.runWorker(ThreadPoolExecutor.java:1128)
	at java.base/java.util.concurrent.ThreadPoolExecutor$Worker.run(ThreadPoolExecutor.java:628)
	at java.base/java.lang.Thread.run(Thread.java:829)
24/05/16 20:00:52 INFO FsHistoryProvider: Parsing file:/tmp/spark-events/SparkHistoryServer_GC_18080.log.0 for listing data...
24/05/16 20:00:52 ERROR FsHistoryProvider: Exception while merging application listings
org.apache.spark.SparkIllegalArgumentException: [CODEC_NOT_AVAILABLE] The codec 0 is not available. Consider to set the config "spark.io.compression.codec" to "snappy".
	at org.apache.spark.io.CompressionCodec$.$anonfun$createCodec$2(CompressionCodec.scala:92)
	at scala.Option.getOrElse(Option.scala:189)
	at org.apache.spark.io.CompressionCodec$.createCodec(CompressionCodec.scala:92)
	at org.apache.spark.deploy.history.EventLogFileReader$.$anonfun$openEventLog$2(EventLogFileReaders.scala:142)
	at java.base/java.util.concurrent.ConcurrentHashMap.computeIfAbsent(ConcurrentHashMap.java:1705)
	at org.apache.spark.deploy.history.EventLogFileReader$.$anonfun$openEventLog$1(EventLogFileReaders.scala:142)
	at scala.Option.map(Option.scala:230)
	at org.apache.spark.deploy.history.EventLogFileReader$.openEventLog(EventLogFileReaders.scala:141)
	at org.apache.spark.deploy.history.FsHistoryProvider.$anonfun$parseAppEventLogs$2(FsHistoryProvider.scala:1138)
	at org.apache.spark.util.SparkErrorUtils.tryWithResource(SparkErrorUtils.scala:47)
	at org.apache.spark.util.SparkErrorUtils.tryWithResource$(SparkErrorUtils.scala:46)
	at org.apache.spark.util.Utils$.tryWithResource(Utils.scala:94)
	at org.apache.spark.deploy.history.FsHistoryProvider.$anonfun$parseAppEventLogs$1(FsHistoryProvider.scala:1138)
	at org.apache.spark.deploy.history.FsHistoryProvider.$anonfun$parseAppEventLogs$1$adapted(FsHistoryProvider.scala:1136)
	at scala.collection.immutable.List.foreach(List.scala:431)
	at org.apache.spark.deploy.history.FsHistoryProvider.parseAppEventLogs(FsHistoryProvider.scala:1136)
	at org.apache.spark.deploy.history.FsHistoryProvider.doMergeApplicationListingInternal(FsHistoryProvider.scala:796)
	at org.apache.spark.deploy.history.FsHistoryProvider.doMergeApplicationListing(FsHistoryProvider.scala:765)
	at org.apache.spark.deploy.history.FsHistoryProvider.mergeApplicationListing(FsHistoryProvider.scala:714)
	at org.apache.spark.deploy.history.FsHistoryProvider.$anonfun$checkForLogs$18(FsHistoryProvider.scala:581)
	at java.base/java.util.concurrent.Executors$RunnableAdapter.call(Executors.java:515)
	at java.base/java.util.concurrent.FutureTask.run(FutureTask.java:264)
	at java.base/java.util.concurrent.ThreadPoolExecutor.runWorker(ThreadPoolExecutor.java:1128)
	at java.base/java.util.concurrent.ThreadPoolExecutor$Worker.run(ThreadPoolExecutor.java:628)
	at java.base/java.lang.Thread.run(Thread.java:829)
24/05/16 20:01:01 INFO FsHistoryProvider: Parsing file:/tmp/spark-events/SparkHistoryServer_GC_18080.log for listing data...
24/05/16 20:01:01 INFO FsHistoryProvider: Parsing file:/tmp/spark-events/spark--org.apache.spark.deploy.history.HistoryServer-1-5ea35cb32f71.out for listing data...
24/05/16 20:01:01 ERROR FsHistoryProvider: Exception while merging application listings
org.apache.spark.SparkIllegalArgumentException: [CODEC_NOT_AVAILABLE] The codec out is not available. Consider to set the config "spark.io.compression.codec" to "snappy".
	at org.apache.spark.io.CompressionCodec$.$anonfun$createCodec$2(CompressionCodec.scala:92)
	at scala.Option.getOrElse(Option.scala:189)
	at org.apache.spark.io.CompressionCodec$.createCodec(CompressionCodec.scala:92)
	at org.apache.spark.deploy.history.EventLogFileReader$.$anonfun$openEventLog$2(EventLogFileReaders.scala:142)
	at java.base/java.util.concurrent.ConcurrentHashMap.computeIfAbsent(ConcurrentHashMap.java:1705)
	at org.apache.spark.deploy.history.EventLogFileReader$.$anonfun$openEventLog$1(EventLogFileReaders.scala:142)
	at scala.Option.map(Option.scala:230)
	at org.apache.spark.deploy.history.EventLogFileReader$.openEventLog(EventLogFileReaders.scala:141)
	at org.apache.spark.deploy.history.FsHistoryProvider.$anonfun$parseAppEventLogs$2(FsHistoryProvider.scala:1138)
	at org.apache.spark.util.SparkErrorUtils.tryWithResource(SparkErrorUtils.scala:47)
	at org.apache.spark.util.SparkErrorUtils.tryWithResource$(SparkErrorUtils.scala:46)
	at org.apache.spark.util.Utils$.tryWithResource(Utils.scala:94)
	at org.apache.spark.deploy.history.FsHistoryProvider.$anonfun$parseAppEventLogs$1(FsHistoryProvider.scala:1138)
	at org.apache.spark.deploy.history.FsHistoryProvider.$anonfun$parseAppEventLogs$1$adapted(FsHistoryProvider.scala:1136)
	at scala.collection.immutable.List.foreach(List.scala:431)
	at org.apache.spark.deploy.history.FsHistoryProvider.parseAppEventLogs(FsHistoryProvider.scala:1136)
	at org.apache.spark.deploy.history.FsHistoryProvider.doMergeApplicationListingInternal(FsHistoryProvider.scala:796)
	at org.apache.spark.deploy.history.FsHistoryProvider.doMergeApplicationListing(FsHistoryProvider.scala:765)
	at org.apache.spark.deploy.history.FsHistoryProvider.mergeApplicationListing(FsHistoryProvider.scala:714)
	at org.apache.spark.deploy.history.FsHistoryProvider.$anonfun$checkForLogs$18(FsHistoryProvider.scala:581)
	at java.base/java.util.concurrent.Executors$RunnableAdapter.call(Executors.java:515)
	at java.base/java.util.concurrent.FutureTask.run(FutureTask.java:264)
	at java.base/java.util.concurrent.ThreadPoolExecutor.runWorker(ThreadPoolExecutor.java:1128)
	at java.base/java.util.concurrent.ThreadPoolExecutor$Worker.run(ThreadPoolExecutor.java:628)
	at java.base/java.lang.Thread.run(Thread.java:829)
24/05/16 20:01:01 ERROR FsHistoryProvider: Exception while merging application listings
org.apache.spark.SparkIllegalArgumentException: [CODEC_NOT_AVAILABLE] The codec log is not available. Consider to set the config "spark.io.compression.codec" to "snappy".
	at org.apache.spark.io.CompressionCodec$.$anonfun$createCodec$2(CompressionCodec.scala:92)
	at scala.Option.getOrElse(Option.scala:189)
	at org.apache.spark.io.CompressionCodec$.createCodec(CompressionCodec.scala:92)
	at org.apache.spark.deploy.history.EventLogFileReader$.$anonfun$openEventLog$2(EventLogFileReaders.scala:142)
	at java.base/java.util.concurrent.ConcurrentHashMap.computeIfAbsent(ConcurrentHashMap.java:1705)
	at org.apache.spark.deploy.history.EventLogFileReader$.$anonfun$openEventLog$1(EventLogFileReaders.scala:142)
	at scala.Option.map(Option.scala:230)
	at org.apache.spark.deploy.history.EventLogFileReader$.openEventLog(EventLogFileReaders.scala:141)
	at org.apache.spark.deploy.history.FsHistoryProvider.$anonfun$parseAppEventLogs$2(FsHistoryProvider.scala:1138)
	at org.apache.spark.util.SparkErrorUtils.tryWithResource(SparkErrorUtils.scala:47)
	at org.apache.spark.util.SparkErrorUtils.tryWithResource$(SparkErrorUtils.scala:46)
	at org.apache.spark.util.Utils$.tryWithResource(Utils.scala:94)
	at org.apache.spark.deploy.history.FsHistoryProvider.$anonfun$parseAppEventLogs$1(FsHistoryProvider.scala:1138)
	at org.apache.spark.deploy.history.FsHistoryProvider.$anonfun$parseAppEventLogs$1$adapted(FsHistoryProvider.scala:1136)
	at scala.collection.immutable.List.foreach(List.scala:431)
	at org.apache.spark.deploy.history.FsHistoryProvider.parseAppEventLogs(FsHistoryProvider.scala:1136)
	at org.apache.spark.deploy.history.FsHistoryProvider.doMergeApplicationListingInternal(FsHistoryProvider.scala:796)
	at org.apache.spark.deploy.history.FsHistoryProvider.doMergeApplicationListing(FsHistoryProvider.scala:765)
	at org.apache.spark.deploy.history.FsHistoryProvider.mergeApplicationListing(FsHistoryProvider.scala:714)
	at org.apache.spark.deploy.history.FsHistoryProvider.$anonfun$checkForLogs$18(FsHistoryProvider.scala:581)
	at java.base/java.util.concurrent.Executors$RunnableAdapter.call(Executors.java:515)
	at java.base/java.util.concurrent.FutureTask.run(FutureTask.java:264)
	at java.base/java.util.concurrent.ThreadPoolExecutor.runWorker(ThreadPoolExecutor.java:1128)
	at java.base/java.util.concurrent.ThreadPoolExecutor$Worker.run(ThreadPoolExecutor.java:628)
	at java.base/java.lang.Thread.run(Thread.java:829)
24/05/16 20:01:11 INFO FsHistoryProvider: Parsing file:/tmp/spark-events/spark--org.apache.spark.deploy.history.HistoryServer-1-5ea35cb32f71.out for listing data...
24/05/16 20:01:11 INFO FsHistoryProvider: Parsing file:/tmp/spark-events/SparkHistoryServer_GC_18080.log for listing data...
24/05/16 20:01:11 ERROR FsHistoryProvider: Exception while merging application listings
org.apache.spark.SparkIllegalArgumentException: [CODEC_NOT_AVAILABLE] The codec out is not available. Consider to set the config "spark.io.compression.codec" to "snappy".
	at org.apache.spark.io.CompressionCodec$.$anonfun$createCodec$2(CompressionCodec.scala:92)
	at scala.Option.getOrElse(Option.scala:189)
	at org.apache.spark.io.CompressionCodec$.createCodec(CompressionCodec.scala:92)
	at org.apache.spark.deploy.history.EventLogFileReader$.$anonfun$openEventLog$2(EventLogFileReaders.scala:142)
	at java.base/java.util.concurrent.ConcurrentHashMap.computeIfAbsent(ConcurrentHashMap.java:1705)
	at org.apache.spark.deploy.history.EventLogFileReader$.$anonfun$openEventLog$1(EventLogFileReaders.scala:142)
	at scala.Option.map(Option.scala:230)
	at org.apache.spark.deploy.history.EventLogFileReader$.openEventLog(EventLogFileReaders.scala:141)
	at org.apache.spark.deploy.history.FsHistoryProvider.$anonfun$parseAppEventLogs$2(FsHistoryProvider.scala:1138)
	at org.apache.spark.util.SparkErrorUtils.tryWithResource(SparkErrorUtils.scala:47)
	at org.apache.spark.util.SparkErrorUtils.tryWithResource$(SparkErrorUtils.scala:46)
	at org.apache.spark.util.Utils$.tryWithResource(Utils.scala:94)
	at org.apache.spark.deploy.history.FsHistoryProvider.$anonfun$parseAppEventLogs$1(FsHistoryProvider.scala:1138)
	at org.apache.spark.deploy.history.FsHistoryProvider.$anonfun$parseAppEventLogs$1$adapted(FsHistoryProvider.scala:1136)
	at scala.collection.immutable.List.foreach(List.scala:431)
	at org.apache.spark.deploy.history.FsHistoryProvider.parseAppEventLogs(FsHistoryProvider.scala:1136)
	at org.apache.spark.deploy.history.FsHistoryProvider.doMergeApplicationListingInternal(FsHistoryProvider.scala:796)
	at org.apache.spark.deploy.history.FsHistoryProvider.doMergeApplicationListing(FsHistoryProvider.scala:765)
	at org.apache.spark.deploy.history.FsHistoryProvider.mergeApplicationListing(FsHistoryProvider.scala:714)
	at org.apache.spark.deploy.history.FsHistoryProvider.$anonfun$checkForLogs$18(FsHistoryProvider.scala:581)
	at java.base/java.util.concurrent.Executors$RunnableAdapter.call(Executors.java:515)
	at java.base/java.util.concurrent.FutureTask.run(FutureTask.java:264)
	at java.base/java.util.concurrent.ThreadPoolExecutor.runWorker(ThreadPoolExecutor.java:1128)
	at java.base/java.util.concurrent.ThreadPoolExecutor$Worker.run(ThreadPoolExecutor.java:628)
	at java.base/java.lang.Thread.run(Thread.java:829)
24/05/16 20:01:11 ERROR FsHistoryProvider: Exception while merging application listings
org.apache.spark.SparkIllegalArgumentException: [CODEC_NOT_AVAILABLE] The codec log is not available. Consider to set the config "spark.io.compression.codec" to "snappy".
	at org.apache.spark.io.CompressionCodec$.$anonfun$createCodec$2(CompressionCodec.scala:92)
	at scala.Option.getOrElse(Option.scala:189)
	at org.apache.spark.io.CompressionCodec$.createCodec(CompressionCodec.scala:92)
	at org.apache.spark.deploy.history.EventLogFileReader$.$anonfun$openEventLog$2(EventLogFileReaders.scala:142)
	at java.base/java.util.concurrent.ConcurrentHashMap.computeIfAbsent(ConcurrentHashMap.java:1705)
	at org.apache.spark.deploy.history.EventLogFileReader$.$anonfun$openEventLog$1(EventLogFileReaders.scala:142)
	at scala.Option.map(Option.scala:230)
	at org.apache.spark.deploy.history.EventLogFileReader$.openEventLog(EventLogFileReaders.scala:141)
	at org.apache.spark.deploy.history.FsHistoryProvider.$anonfun$parseAppEventLogs$2(FsHistoryProvider.scala:1138)
	at org.apache.spark.util.SparkErrorUtils.tryWithResource(SparkErrorUtils.scala:47)
	at org.apache.spark.util.SparkErrorUtils.tryWithResource$(SparkErrorUtils.scala:46)
	at org.apache.spark.util.Utils$.tryWithResource(Utils.scala:94)
	at org.apache.spark.deploy.history.FsHistoryProvider.$anonfun$parseAppEventLogs$1(FsHistoryProvider.scala:1138)
	at org.apache.spark.deploy.history.FsHistoryProvider.$anonfun$parseAppEventLogs$1$adapted(FsHistoryProvider.scala:1136)
	at scala.collection.immutable.List.foreach(List.scala:431)
	at org.apache.spark.deploy.history.FsHistoryProvider.parseAppEventLogs(FsHistoryProvider.scala:1136)
	at org.apache.spark.deploy.history.FsHistoryProvider.doMergeApplicationListingInternal(FsHistoryProvider.scala:796)
	at org.apache.spark.deploy.history.FsHistoryProvider.doMergeApplicationListing(FsHistoryProvider.scala:765)
	at org.apache.spark.deploy.history.FsHistoryProvider.mergeApplicationListing(FsHistoryProvider.scala:714)
	at org.apache.spark.deploy.history.FsHistoryProvider.$anonfun$checkForLogs$18(FsHistoryProvider.scala:581)
	at java.base/java.util.concurrent.Executors$RunnableAdapter.call(Executors.java:515)
	at java.base/java.util.concurrent.FutureTask.run(FutureTask.java:264)
	at java.base/java.util.concurrent.ThreadPoolExecutor.runWorker(ThreadPoolExecutor.java:1128)
	at java.base/java.util.concurrent.ThreadPoolExecutor$Worker.run(ThreadPoolExecutor.java:628)
	at java.base/java.lang.Thread.run(Thread.java:829)
24/05/16 20:01:21 INFO FsHistoryProvider: Parsing file:/tmp/spark-events/spark--org.apache.spark.deploy.history.HistoryServer-1-5ea35cb32f71.out for listing data...
24/05/16 20:01:21 INFO FsHistoryProvider: Parsing file:/tmp/spark-events/SparkHistoryServer_GC_18080.log for listing data...
24/05/16 20:01:21 ERROR FsHistoryProvider: Exception while merging application listings
org.apache.spark.SparkIllegalArgumentException: [CODEC_NOT_AVAILABLE] The codec out is not available. Consider to set the config "spark.io.compression.codec" to "snappy".
	at org.apache.spark.io.CompressionCodec$.$anonfun$createCodec$2(CompressionCodec.scala:92)
	at scala.Option.getOrElse(Option.scala:189)
	at org.apache.spark.io.CompressionCodec$.createCodec(CompressionCodec.scala:92)
	at org.apache.spark.deploy.history.EventLogFileReader$.$anonfun$openEventLog$2(EventLogFileReaders.scala:142)
	at java.base/java.util.concurrent.ConcurrentHashMap.computeIfAbsent(ConcurrentHashMap.java:1705)
	at org.apache.spark.deploy.history.EventLogFileReader$.$anonfun$openEventLog$1(EventLogFileReaders.scala:142)
	at scala.Option.map(Option.scala:230)
	at org.apache.spark.deploy.history.EventLogFileReader$.openEventLog(EventLogFileReaders.scala:141)
	at org.apache.spark.deploy.history.FsHistoryProvider.$anonfun$parseAppEventLogs$2(FsHistoryProvider.scala:1138)
	at org.apache.spark.util.SparkErrorUtils.tryWithResource(SparkErrorUtils.scala:47)
	at org.apache.spark.util.SparkErrorUtils.tryWithResource$(SparkErrorUtils.scala:46)
	at org.apache.spark.util.Utils$.tryWithResource(Utils.scala:94)
	at org.apache.spark.deploy.history.FsHistoryProvider.$anonfun$parseAppEventLogs$1(FsHistoryProvider.scala:1138)
	at org.apache.spark.deploy.history.FsHistoryProvider.$anonfun$parseAppEventLogs$1$adapted(FsHistoryProvider.scala:1136)
	at scala.collection.immutable.List.foreach(List.scala:431)
	at org.apache.spark.deploy.history.FsHistoryProvider.parseAppEventLogs(FsHistoryProvider.scala:1136)
	at org.apache.spark.deploy.history.FsHistoryProvider.doMergeApplicationListingInternal(FsHistoryProvider.scala:796)
	at org.apache.spark.deploy.history.FsHistoryProvider.doMergeApplicationListing(FsHistoryProvider.scala:765)
	at org.apache.spark.deploy.history.FsHistoryProvider.mergeApplicationListing(FsHistoryProvider.scala:714)
	at org.apache.spark.deploy.history.FsHistoryProvider.$anonfun$checkForLogs$18(FsHistoryProvider.scala:581)
	at java.base/java.util.concurrent.Executors$RunnableAdapter.call(Executors.java:515)
	at java.base/java.util.concurrent.FutureTask.run(FutureTask.java:264)
	at java.base/java.util.concurrent.ThreadPoolExecutor.runWorker(ThreadPoolExecutor.java:1128)
	at java.base/java.util.concurrent.ThreadPoolExecutor$Worker.run(ThreadPoolExecutor.java:628)
	at java.base/java.lang.Thread.run(Thread.java:829)
24/05/16 20:01:21 ERROR FsHistoryProvider: Exception while merging application listings
org.apache.spark.SparkIllegalArgumentException: [CODEC_NOT_AVAILABLE] The codec log is not available. Consider to set the config "spark.io.compression.codec" to "snappy".
	at org.apache.spark.io.CompressionCodec$.$anonfun$createCodec$2(CompressionCodec.scala:92)
	at scala.Option.getOrElse(Option.scala:189)
	at org.apache.spark.io.CompressionCodec$.createCodec(CompressionCodec.scala:92)
	at org.apache.spark.deploy.history.EventLogFileReader$.$anonfun$openEventLog$2(EventLogFileReaders.scala:142)
	at java.base/java.util.concurrent.ConcurrentHashMap.computeIfAbsent(ConcurrentHashMap.java:1705)
	at org.apache.spark.deploy.history.EventLogFileReader$.$anonfun$openEventLog$1(EventLogFileReaders.scala:142)
	at scala.Option.map(Option.scala:230)
	at org.apache.spark.deploy.history.EventLogFileReader$.openEventLog(EventLogFileReaders.scala:141)
	at org.apache.spark.deploy.history.FsHistoryProvider.$anonfun$parseAppEventLogs$2(FsHistoryProvider.scala:1138)
	at org.apache.spark.util.SparkErrorUtils.tryWithResource(SparkErrorUtils.scala:47)
	at org.apache.spark.util.SparkErrorUtils.tryWithResource$(SparkErrorUtils.scala:46)
	at org.apache.spark.util.Utils$.tryWithResource(Utils.scala:94)
	at org.apache.spark.deploy.history.FsHistoryProvider.$anonfun$parseAppEventLogs$1(FsHistoryProvider.scala:1138)
	at org.apache.spark.deploy.history.FsHistoryProvider.$anonfun$parseAppEventLogs$1$adapted(FsHistoryProvider.scala:1136)
	at scala.collection.immutable.List.foreach(List.scala:431)
	at org.apache.spark.deploy.history.FsHistoryProvider.parseAppEventLogs(FsHistoryProvider.scala:1136)
	at org.apache.spark.deploy.history.FsHistoryProvider.doMergeApplicationListingInternal(FsHistoryProvider.scala:796)
	at org.apache.spark.deploy.history.FsHistoryProvider.doMergeApplicationListing(FsHistoryProvider.scala:765)
	at org.apache.spark.deploy.history.FsHistoryProvider.mergeApplicationListing(FsHistoryProvider.scala:714)
	at org.apache.spark.deploy.history.FsHistoryProvider.$anonfun$checkForLogs$18(FsHistoryProvider.scala:581)
	at java.base/java.util.concurrent.Executors$RunnableAdapter.call(Executors.java:515)
	at java.base/java.util.concurrent.FutureTask.run(FutureTask.java:264)
	at java.base/java.util.concurrent.ThreadPoolExecutor.runWorker(ThreadPoolExecutor.java:1128)
	at java.base/java.util.concurrent.ThreadPoolExecutor$Worker.run(ThreadPoolExecutor.java:628)
	at java.base/java.lang.Thread.run(Thread.java:829)
24/05/16 20:01:31 INFO FsHistoryProvider: Parsing file:/tmp/spark-events/spark--org.apache.spark.deploy.history.HistoryServer-1-5ea35cb32f71.out for listing data...
24/05/16 20:01:31 INFO FsHistoryProvider: Parsing file:/tmp/spark-events/SparkHistoryServer_GC_18080.log for listing data...
24/05/16 20:01:31 ERROR FsHistoryProvider: Exception while merging application listings
org.apache.spark.SparkIllegalArgumentException: [CODEC_NOT_AVAILABLE] The codec log is not available. Consider to set the config "spark.io.compression.codec" to "snappy".
	at org.apache.spark.io.CompressionCodec$.$anonfun$createCodec$2(CompressionCodec.scala:92)
	at scala.Option.getOrElse(Option.scala:189)
	at org.apache.spark.io.CompressionCodec$.createCodec(CompressionCodec.scala:92)
	at org.apache.spark.deploy.history.EventLogFileReader$.$anonfun$openEventLog$2(EventLogFileReaders.scala:142)
	at java.base/java.util.concurrent.ConcurrentHashMap.computeIfAbsent(ConcurrentHashMap.java:1705)
	at org.apache.spark.deploy.history.EventLogFileReader$.$anonfun$openEventLog$1(EventLogFileReaders.scala:142)
	at scala.Option.map(Option.scala:230)
	at org.apache.spark.deploy.history.EventLogFileReader$.openEventLog(EventLogFileReaders.scala:141)
	at org.apache.spark.deploy.history.FsHistoryProvider.$anonfun$parseAppEventLogs$2(FsHistoryProvider.scala:1138)
	at org.apache.spark.util.SparkErrorUtils.tryWithResource(SparkErrorUtils.scala:47)
	at org.apache.spark.util.SparkErrorUtils.tryWithResource$(SparkErrorUtils.scala:46)
	at org.apache.spark.util.Utils$.tryWithResource(Utils.scala:94)
	at org.apache.spark.deploy.history.FsHistoryProvider.$anonfun$parseAppEventLogs$1(FsHistoryProvider.scala:1138)
	at org.apache.spark.deploy.history.FsHistoryProvider.$anonfun$parseAppEventLogs$1$adapted(FsHistoryProvider.scala:1136)
	at scala.collection.immutable.List.foreach(List.scala:431)
	at org.apache.spark.deploy.history.FsHistoryProvider.parseAppEventLogs(FsHistoryProvider.scala:1136)
	at org.apache.spark.deploy.history.FsHistoryProvider.doMergeApplicationListingInternal(FsHistoryProvider.scala:796)
	at org.apache.spark.deploy.history.FsHistoryProvider.doMergeApplicationListing(FsHistoryProvider.scala:765)
	at org.apache.spark.deploy.history.FsHistoryProvider.mergeApplicationListing(FsHistoryProvider.scala:714)
	at org.apache.spark.deploy.history.FsHistoryProvider.$anonfun$checkForLogs$18(FsHistoryProvider.scala:581)
	at java.base/java.util.concurrent.Executors$RunnableAdapter.call(Executors.java:515)
	at java.base/java.util.concurrent.FutureTask.run(FutureTask.java:264)
	at java.base/java.util.concurrent.ThreadPoolExecutor.runWorker(ThreadPoolExecutor.java:1128)
	at java.base/java.util.concurrent.ThreadPoolExecutor$Worker.run(ThreadPoolExecutor.java:628)
	at java.base/java.lang.Thread.run(Thread.java:829)
24/05/16 20:01:31 ERROR FsHistoryProvider: Exception while merging application listings
org.apache.spark.SparkIllegalArgumentException: [CODEC_NOT_AVAILABLE] The codec out is not available. Consider to set the config "spark.io.compression.codec" to "snappy".
	at org.apache.spark.io.CompressionCodec$.$anonfun$createCodec$2(CompressionCodec.scala:92)
	at scala.Option.getOrElse(Option.scala:189)
	at org.apache.spark.io.CompressionCodec$.createCodec(CompressionCodec.scala:92)
	at org.apache.spark.deploy.history.EventLogFileReader$.$anonfun$openEventLog$2(EventLogFileReaders.scala:142)
	at java.base/java.util.concurrent.ConcurrentHashMap.computeIfAbsent(ConcurrentHashMap.java:1705)
	at org.apache.spark.deploy.history.EventLogFileReader$.$anonfun$openEventLog$1(EventLogFileReaders.scala:142)
	at scala.Option.map(Option.scala:230)
	at org.apache.spark.deploy.history.EventLogFileReader$.openEventLog(EventLogFileReaders.scala:141)
	at org.apache.spark.deploy.history.FsHistoryProvider.$anonfun$parseAppEventLogs$2(FsHistoryProvider.scala:1138)
	at org.apache.spark.util.SparkErrorUtils.tryWithResource(SparkErrorUtils.scala:47)
	at org.apache.spark.util.SparkErrorUtils.tryWithResource$(SparkErrorUtils.scala:46)
	at org.apache.spark.util.Utils$.tryWithResource(Utils.scala:94)
	at org.apache.spark.deploy.history.FsHistoryProvider.$anonfun$parseAppEventLogs$1(FsHistoryProvider.scala:1138)
	at org.apache.spark.deploy.history.FsHistoryProvider.$anonfun$parseAppEventLogs$1$adapted(FsHistoryProvider.scala:1136)
	at scala.collection.immutable.List.foreach(List.scala:431)
	at org.apache.spark.deploy.history.FsHistoryProvider.parseAppEventLogs(FsHistoryProvider.scala:1136)
	at org.apache.spark.deploy.history.FsHistoryProvider.doMergeApplicationListingInternal(FsHistoryProvider.scala:796)
	at org.apache.spark.deploy.history.FsHistoryProvider.doMergeApplicationListing(FsHistoryProvider.scala:765)
	at org.apache.spark.deploy.history.FsHistoryProvider.mergeApplicationListing(FsHistoryProvider.scala:714)
	at org.apache.spark.deploy.history.FsHistoryProvider.$anonfun$checkForLogs$18(FsHistoryProvider.scala:581)
	at java.base/java.util.concurrent.Executors$RunnableAdapter.call(Executors.java:515)
	at java.base/java.util.concurrent.FutureTask.run(FutureTask.java:264)
	at java.base/java.util.concurrent.ThreadPoolExecutor.runWorker(ThreadPoolExecutor.java:1128)
	at java.base/java.util.concurrent.ThreadPoolExecutor$Worker.run(ThreadPoolExecutor.java:628)
	at java.base/java.lang.Thread.run(Thread.java:829)
24/05/16 20:01:41 INFO FsHistoryProvider: Parsing file:/tmp/spark-events/spark--org.apache.spark.deploy.history.HistoryServer-1-5ea35cb32f71.out for listing data...
24/05/16 20:01:41 INFO FsHistoryProvider: Parsing file:/tmp/spark-events/SparkHistoryServer_GC_18080.log for listing data...
24/05/16 20:01:41 ERROR FsHistoryProvider: Exception while merging application listings
org.apache.spark.SparkIllegalArgumentException: [CODEC_NOT_AVAILABLE] The codec log is not available. Consider to set the config "spark.io.compression.codec" to "snappy".
	at org.apache.spark.io.CompressionCodec$.$anonfun$createCodec$2(CompressionCodec.scala:92)
	at scala.Option.getOrElse(Option.scala:189)
	at org.apache.spark.io.CompressionCodec$.createCodec(CompressionCodec.scala:92)
	at org.apache.spark.deploy.history.EventLogFileReader$.$anonfun$openEventLog$2(EventLogFileReaders.scala:142)
	at java.base/java.util.concurrent.ConcurrentHashMap.computeIfAbsent(ConcurrentHashMap.java:1705)
	at org.apache.spark.deploy.history.EventLogFileReader$.$anonfun$openEventLog$1(EventLogFileReaders.scala:142)
	at scala.Option.map(Option.scala:230)
	at org.apache.spark.deploy.history.EventLogFileReader$.openEventLog(EventLogFileReaders.scala:141)
	at org.apache.spark.deploy.history.FsHistoryProvider.$anonfun$parseAppEventLogs$2(FsHistoryProvider.scala:1138)
	at org.apache.spark.util.SparkErrorUtils.tryWithResource(SparkErrorUtils.scala:47)
	at org.apache.spark.util.SparkErrorUtils.tryWithResource$(SparkErrorUtils.scala:46)
	at org.apache.spark.util.Utils$.tryWithResource(Utils.scala:94)
	at org.apache.spark.deploy.history.FsHistoryProvider.$anonfun$parseAppEventLogs$1(FsHistoryProvider.scala:1138)
	at org.apache.spark.deploy.history.FsHistoryProvider.$anonfun$parseAppEventLogs$1$adapted(FsHistoryProvider.scala:1136)
	at scala.collection.immutable.List.foreach(List.scala:431)
	at org.apache.spark.deploy.history.FsHistoryProvider.parseAppEventLogs(FsHistoryProvider.scala:1136)
	at org.apache.spark.deploy.history.FsHistoryProvider.doMergeApplicationListingInternal(FsHistoryProvider.scala:796)
	at org.apache.spark.deploy.history.FsHistoryProvider.doMergeApplicationListing(FsHistoryProvider.scala:765)
	at org.apache.spark.deploy.history.FsHistoryProvider.mergeApplicationListing(FsHistoryProvider.scala:714)
	at org.apache.spark.deploy.history.FsHistoryProvider.$anonfun$checkForLogs$18(FsHistoryProvider.scala:581)
	at java.base/java.util.concurrent.Executors$RunnableAdapter.call(Executors.java:515)
	at java.base/java.util.concurrent.FutureTask.run(FutureTask.java:264)
	at java.base/java.util.concurrent.ThreadPoolExecutor.runWorker(ThreadPoolExecutor.java:1128)
	at java.base/java.util.concurrent.ThreadPoolExecutor$Worker.run(ThreadPoolExecutor.java:628)
	at java.base/java.lang.Thread.run(Thread.java:829)
24/05/16 20:01:41 ERROR FsHistoryProvider: Exception while merging application listings
org.apache.spark.SparkIllegalArgumentException: [CODEC_NOT_AVAILABLE] The codec out is not available. Consider to set the config "spark.io.compression.codec" to "snappy".
	at org.apache.spark.io.CompressionCodec$.$anonfun$createCodec$2(CompressionCodec.scala:92)
	at scala.Option.getOrElse(Option.scala:189)
	at org.apache.spark.io.CompressionCodec$.createCodec(CompressionCodec.scala:92)
	at org.apache.spark.deploy.history.EventLogFileReader$.$anonfun$openEventLog$2(EventLogFileReaders.scala:142)
	at java.base/java.util.concurrent.ConcurrentHashMap.computeIfAbsent(ConcurrentHashMap.java:1705)
	at org.apache.spark.deploy.history.EventLogFileReader$.$anonfun$openEventLog$1(EventLogFileReaders.scala:142)
	at scala.Option.map(Option.scala:230)
	at org.apache.spark.deploy.history.EventLogFileReader$.openEventLog(EventLogFileReaders.scala:141)
	at org.apache.spark.deploy.history.FsHistoryProvider.$anonfun$parseAppEventLogs$2(FsHistoryProvider.scala:1138)
	at org.apache.spark.util.SparkErrorUtils.tryWithResource(SparkErrorUtils.scala:47)
	at org.apache.spark.util.SparkErrorUtils.tryWithResource$(SparkErrorUtils.scala:46)
	at org.apache.spark.util.Utils$.tryWithResource(Utils.scala:94)
	at org.apache.spark.deploy.history.FsHistoryProvider.$anonfun$parseAppEventLogs$1(FsHistoryProvider.scala:1138)
	at org.apache.spark.deploy.history.FsHistoryProvider.$anonfun$parseAppEventLogs$1$adapted(FsHistoryProvider.scala:1136)
	at scala.collection.immutable.List.foreach(List.scala:431)
	at org.apache.spark.deploy.history.FsHistoryProvider.parseAppEventLogs(FsHistoryProvider.scala:1136)
	at org.apache.spark.deploy.history.FsHistoryProvider.doMergeApplicationListingInternal(FsHistoryProvider.scala:796)
	at org.apache.spark.deploy.history.FsHistoryProvider.doMergeApplicationListing(FsHistoryProvider.scala:765)
	at org.apache.spark.deploy.history.FsHistoryProvider.mergeApplicationListing(FsHistoryProvider.scala:714)
	at org.apache.spark.deploy.history.FsHistoryProvider.$anonfun$checkForLogs$18(FsHistoryProvider.scala:581)
	at java.base/java.util.concurrent.Executors$RunnableAdapter.call(Executors.java:515)
	at java.base/java.util.concurrent.FutureTask.run(FutureTask.java:264)
	at java.base/java.util.concurrent.ThreadPoolExecutor.runWorker(ThreadPoolExecutor.java:1128)
	at java.base/java.util.concurrent.ThreadPoolExecutor$Worker.run(ThreadPoolExecutor.java:628)
	at java.base/java.lang.Thread.run(Thread.java:829)
24/05/16 20:01:51 INFO FsHistoryProvider: Parsing file:/tmp/spark-events/SparkHistoryServer_GC_18080.log for listing data...
24/05/16 20:01:51 INFO FsHistoryProvider: Parsing file:/tmp/spark-events/spark--org.apache.spark.deploy.history.HistoryServer-1-5ea35cb32f71.out for listing data...
24/05/16 20:01:51 ERROR FsHistoryProvider: Exception while merging application listings
org.apache.spark.SparkIllegalArgumentException: [CODEC_NOT_AVAILABLE] The codec log is not available. Consider to set the config "spark.io.compression.codec" to "snappy".
	at org.apache.spark.io.CompressionCodec$.$anonfun$createCodec$2(CompressionCodec.scala:92)
	at scala.Option.getOrElse(Option.scala:189)
	at org.apache.spark.io.CompressionCodec$.createCodec(CompressionCodec.scala:92)
	at org.apache.spark.deploy.history.EventLogFileReader$.$anonfun$openEventLog$2(EventLogFileReaders.scala:142)
	at java.base/java.util.concurrent.ConcurrentHashMap.computeIfAbsent(ConcurrentHashMap.java:1705)
	at org.apache.spark.deploy.history.EventLogFileReader$.$anonfun$openEventLog$1(EventLogFileReaders.scala:142)
	at scala.Option.map(Option.scala:230)
	at org.apache.spark.deploy.history.EventLogFileReader$.openEventLog(EventLogFileReaders.scala:141)
	at org.apache.spark.deploy.history.FsHistoryProvider.$anonfun$parseAppEventLogs$2(FsHistoryProvider.scala:1138)
	at org.apache.spark.util.SparkErrorUtils.tryWithResource(SparkErrorUtils.scala:47)
	at org.apache.spark.util.SparkErrorUtils.tryWithResource$(SparkErrorUtils.scala:46)
	at org.apache.spark.util.Utils$.tryWithResource(Utils.scala:94)
	at org.apache.spark.deploy.history.FsHistoryProvider.$anonfun$parseAppEventLogs$1(FsHistoryProvider.scala:1138)
	at org.apache.spark.deploy.history.FsHistoryProvider.$anonfun$parseAppEventLogs$1$adapted(FsHistoryProvider.scala:1136)
	at scala.collection.immutable.List.foreach(List.scala:431)
	at org.apache.spark.deploy.history.FsHistoryProvider.parseAppEventLogs(FsHistoryProvider.scala:1136)
	at org.apache.spark.deploy.history.FsHistoryProvider.doMergeApplicationListingInternal(FsHistoryProvider.scala:796)
	at org.apache.spark.deploy.history.FsHistoryProvider.doMergeApplicationListing(FsHistoryProvider.scala:765)
	at org.apache.spark.deploy.history.FsHistoryProvider.mergeApplicationListing(FsHistoryProvider.scala:714)
	at org.apache.spark.deploy.history.FsHistoryProvider.$anonfun$checkForLogs$18(FsHistoryProvider.scala:581)
	at java.base/java.util.concurrent.Executors$RunnableAdapter.call(Executors.java:515)
	at java.base/java.util.concurrent.FutureTask.run(FutureTask.java:264)
	at java.base/java.util.concurrent.ThreadPoolExecutor.runWorker(ThreadPoolExecutor.java:1128)
	at java.base/java.util.concurrent.ThreadPoolExecutor$Worker.run(ThreadPoolExecutor.java:628)
	at java.base/java.lang.Thread.run(Thread.java:829)
24/05/16 20:01:51 ERROR FsHistoryProvider: Exception while merging application listings
org.apache.spark.SparkIllegalArgumentException: [CODEC_NOT_AVAILABLE] The codec out is not available. Consider to set the config "spark.io.compression.codec" to "snappy".
	at org.apache.spark.io.CompressionCodec$.$anonfun$createCodec$2(CompressionCodec.scala:92)
	at scala.Option.getOrElse(Option.scala:189)
	at org.apache.spark.io.CompressionCodec$.createCodec(CompressionCodec.scala:92)
	at org.apache.spark.deploy.history.EventLogFileReader$.$anonfun$openEventLog$2(EventLogFileReaders.scala:142)
	at java.base/java.util.concurrent.ConcurrentHashMap.computeIfAbsent(ConcurrentHashMap.java:1705)
	at org.apache.spark.deploy.history.EventLogFileReader$.$anonfun$openEventLog$1(EventLogFileReaders.scala:142)
	at scala.Option.map(Option.scala:230)
	at org.apache.spark.deploy.history.EventLogFileReader$.openEventLog(EventLogFileReaders.scala:141)
	at org.apache.spark.deploy.history.FsHistoryProvider.$anonfun$parseAppEventLogs$2(FsHistoryProvider.scala:1138)
	at org.apache.spark.util.SparkErrorUtils.tryWithResource(SparkErrorUtils.scala:47)
	at org.apache.spark.util.SparkErrorUtils.tryWithResource$(SparkErrorUtils.scala:46)
	at org.apache.spark.util.Utils$.tryWithResource(Utils.scala:94)
	at org.apache.spark.deploy.history.FsHistoryProvider.$anonfun$parseAppEventLogs$1(FsHistoryProvider.scala:1138)
	at org.apache.spark.deploy.history.FsHistoryProvider.$anonfun$parseAppEventLogs$1$adapted(FsHistoryProvider.scala:1136)
	at scala.collection.immutable.List.foreach(List.scala:431)
	at org.apache.spark.deploy.history.FsHistoryProvider.parseAppEventLogs(FsHistoryProvider.scala:1136)
	at org.apache.spark.deploy.history.FsHistoryProvider.doMergeApplicationListingInternal(FsHistoryProvider.scala:796)
	at org.apache.spark.deploy.history.FsHistoryProvider.doMergeApplicationListing(FsHistoryProvider.scala:765)
	at org.apache.spark.deploy.history.FsHistoryProvider.mergeApplicationListing(FsHistoryProvider.scala:714)
	at org.apache.spark.deploy.history.FsHistoryProvider.$anonfun$checkForLogs$18(FsHistoryProvider.scala:581)
	at java.base/java.util.concurrent.Executors$RunnableAdapter.call(Executors.java:515)
	at java.base/java.util.concurrent.FutureTask.run(FutureTask.java:264)
	at java.base/java.util.concurrent.ThreadPoolExecutor.runWorker(ThreadPoolExecutor.java:1128)
	at java.base/java.util.concurrent.ThreadPoolExecutor$Worker.run(ThreadPoolExecutor.java:628)
	at java.base/java.lang.Thread.run(Thread.java:829)
24/05/16 20:02:01 INFO FsHistoryProvider: Parsing file:/tmp/spark-events/spark--org.apache.spark.deploy.history.HistoryServer-1-5ea35cb32f71.out for listing data...
24/05/16 20:02:01 INFO FsHistoryProvider: Parsing file:/tmp/spark-events/SparkHistoryServer_GC_18080.log for listing data...
24/05/16 20:02:01 ERROR FsHistoryProvider: Exception while merging application listings
org.apache.spark.SparkIllegalArgumentException: [CODEC_NOT_AVAILABLE] The codec out is not available. Consider to set the config "spark.io.compression.codec" to "snappy".
	at org.apache.spark.io.CompressionCodec$.$anonfun$createCodec$2(CompressionCodec.scala:92)
	at scala.Option.getOrElse(Option.scala:189)
	at org.apache.spark.io.CompressionCodec$.createCodec(CompressionCodec.scala:92)
	at org.apache.spark.deploy.history.EventLogFileReader$.$anonfun$openEventLog$2(EventLogFileReaders.scala:142)
	at java.base/java.util.concurrent.ConcurrentHashMap.computeIfAbsent(ConcurrentHashMap.java:1705)
	at org.apache.spark.deploy.history.EventLogFileReader$.$anonfun$openEventLog$1(EventLogFileReaders.scala:142)
	at scala.Option.map(Option.scala:230)
	at org.apache.spark.deploy.history.EventLogFileReader$.openEventLog(EventLogFileReaders.scala:141)
	at org.apache.spark.deploy.history.FsHistoryProvider.$anonfun$parseAppEventLogs$2(FsHistoryProvider.scala:1138)
	at org.apache.spark.util.SparkErrorUtils.tryWithResource(SparkErrorUtils.scala:47)
	at org.apache.spark.util.SparkErrorUtils.tryWithResource$(SparkErrorUtils.scala:46)
	at org.apache.spark.util.Utils$.tryWithResource(Utils.scala:94)
	at org.apache.spark.deploy.history.FsHistoryProvider.$anonfun$parseAppEventLogs$1(FsHistoryProvider.scala:1138)
	at org.apache.spark.deploy.history.FsHistoryProvider.$anonfun$parseAppEventLogs$1$adapted(FsHistoryProvider.scala:1136)
	at scala.collection.immutable.List.foreach(List.scala:431)
	at org.apache.spark.deploy.history.FsHistoryProvider.parseAppEventLogs(FsHistoryProvider.scala:1136)
	at org.apache.spark.deploy.history.FsHistoryProvider.doMergeApplicationListingInternal(FsHistoryProvider.scala:796)
	at org.apache.spark.deploy.history.FsHistoryProvider.doMergeApplicationListing(FsHistoryProvider.scala:765)
	at org.apache.spark.deploy.history.FsHistoryProvider.mergeApplicationListing(FsHistoryProvider.scala:714)
	at org.apache.spark.deploy.history.FsHistoryProvider.$anonfun$checkForLogs$18(FsHistoryProvider.scala:581)
	at java.base/java.util.concurrent.Executors$RunnableAdapter.call(Executors.java:515)
	at java.base/java.util.concurrent.FutureTask.run(FutureTask.java:264)
	at java.base/java.util.concurrent.ThreadPoolExecutor.runWorker(ThreadPoolExecutor.java:1128)
	at java.base/java.util.concurrent.ThreadPoolExecutor$Worker.run(ThreadPoolExecutor.java:628)
	at java.base/java.lang.Thread.run(Thread.java:829)
24/05/16 20:02:01 ERROR FsHistoryProvider: Exception while merging application listings
org.apache.spark.SparkIllegalArgumentException: [CODEC_NOT_AVAILABLE] The codec log is not available. Consider to set the config "spark.io.compression.codec" to "snappy".
	at org.apache.spark.io.CompressionCodec$.$anonfun$createCodec$2(CompressionCodec.scala:92)
	at scala.Option.getOrElse(Option.scala:189)
	at org.apache.spark.io.CompressionCodec$.createCodec(CompressionCodec.scala:92)
	at org.apache.spark.deploy.history.EventLogFileReader$.$anonfun$openEventLog$2(EventLogFileReaders.scala:142)
	at java.base/java.util.concurrent.ConcurrentHashMap.computeIfAbsent(ConcurrentHashMap.java:1705)
	at org.apache.spark.deploy.history.EventLogFileReader$.$anonfun$openEventLog$1(EventLogFileReaders.scala:142)
	at scala.Option.map(Option.scala:230)
	at org.apache.spark.deploy.history.EventLogFileReader$.openEventLog(EventLogFileReaders.scala:141)
	at org.apache.spark.deploy.history.FsHistoryProvider.$anonfun$parseAppEventLogs$2(FsHistoryProvider.scala:1138)
	at org.apache.spark.util.SparkErrorUtils.tryWithResource(SparkErrorUtils.scala:47)
	at org.apache.spark.util.SparkErrorUtils.tryWithResource$(SparkErrorUtils.scala:46)
	at org.apache.spark.util.Utils$.tryWithResource(Utils.scala:94)
	at org.apache.spark.deploy.history.FsHistoryProvider.$anonfun$parseAppEventLogs$1(FsHistoryProvider.scala:1138)
	at org.apache.spark.deploy.history.FsHistoryProvider.$anonfun$parseAppEventLogs$1$adapted(FsHistoryProvider.scala:1136)
	at scala.collection.immutable.List.foreach(List.scala:431)
	at org.apache.spark.deploy.history.FsHistoryProvider.parseAppEventLogs(FsHistoryProvider.scala:1136)
	at org.apache.spark.deploy.history.FsHistoryProvider.doMergeApplicationListingInternal(FsHistoryProvider.scala:796)
	at org.apache.spark.deploy.history.FsHistoryProvider.doMergeApplicationListing(FsHistoryProvider.scala:765)
	at org.apache.spark.deploy.history.FsHistoryProvider.mergeApplicationListing(FsHistoryProvider.scala:714)
	at org.apache.spark.deploy.history.FsHistoryProvider.$anonfun$checkForLogs$18(FsHistoryProvider.scala:581)
	at java.base/java.util.concurrent.Executors$RunnableAdapter.call(Executors.java:515)
	at java.base/java.util.concurrent.FutureTask.run(FutureTask.java:264)
	at java.base/java.util.concurrent.ThreadPoolExecutor.runWorker(ThreadPoolExecutor.java:1128)
	at java.base/java.util.concurrent.ThreadPoolExecutor$Worker.run(ThreadPoolExecutor.java:628)
	at java.base/java.lang.Thread.run(Thread.java:829)
24/05/16 20:02:11 INFO FsHistoryProvider: Parsing file:/tmp/spark-events/spark--org.apache.spark.deploy.history.HistoryServer-1-5ea35cb32f71.out for listing data...
24/05/16 20:02:11 INFO FsHistoryProvider: Parsing file:/tmp/spark-events/SparkHistoryServer_GC_18080.log for listing data...
24/05/16 20:02:11 ERROR FsHistoryProvider: Exception while merging application listings
org.apache.spark.SparkIllegalArgumentException: [CODEC_NOT_AVAILABLE] The codec out is not available. Consider to set the config "spark.io.compression.codec" to "snappy".
	at org.apache.spark.io.CompressionCodec$.$anonfun$createCodec$2(CompressionCodec.scala:92)
	at scala.Option.getOrElse(Option.scala:189)
	at org.apache.spark.io.CompressionCodec$.createCodec(CompressionCodec.scala:92)
	at org.apache.spark.deploy.history.EventLogFileReader$.$anonfun$openEventLog$2(EventLogFileReaders.scala:142)
	at java.base/java.util.concurrent.ConcurrentHashMap.computeIfAbsent(ConcurrentHashMap.java:1705)
	at org.apache.spark.deploy.history.EventLogFileReader$.$anonfun$openEventLog$1(EventLogFileReaders.scala:142)
	at scala.Option.map(Option.scala:230)
	at org.apache.spark.deploy.history.EventLogFileReader$.openEventLog(EventLogFileReaders.scala:141)
	at org.apache.spark.deploy.history.FsHistoryProvider.$anonfun$parseAppEventLogs$2(FsHistoryProvider.scala:1138)
	at org.apache.spark.util.SparkErrorUtils.tryWithResource(SparkErrorUtils.scala:47)
	at org.apache.spark.util.SparkErrorUtils.tryWithResource$(SparkErrorUtils.scala:46)
	at org.apache.spark.util.Utils$.tryWithResource(Utils.scala:94)
	at org.apache.spark.deploy.history.FsHistoryProvider.$anonfun$parseAppEventLogs$1(FsHistoryProvider.scala:1138)
	at org.apache.spark.deploy.history.FsHistoryProvider.$anonfun$parseAppEventLogs$1$adapted(FsHistoryProvider.scala:1136)
	at scala.collection.immutable.List.foreach(List.scala:431)
	at org.apache.spark.deploy.history.FsHistoryProvider.parseAppEventLogs(FsHistoryProvider.scala:1136)
	at org.apache.spark.deploy.history.FsHistoryProvider.doMergeApplicationListingInternal(FsHistoryProvider.scala:796)
	at org.apache.spark.deploy.history.FsHistoryProvider.doMergeApplicationListing(FsHistoryProvider.scala:765)
	at org.apache.spark.deploy.history.FsHistoryProvider.mergeApplicationListing(FsHistoryProvider.scala:714)
	at org.apache.spark.deploy.history.FsHistoryProvider.$anonfun$checkForLogs$18(FsHistoryProvider.scala:581)
	at java.base/java.util.concurrent.Executors$RunnableAdapter.call(Executors.java:515)
	at java.base/java.util.concurrent.FutureTask.run(FutureTask.java:264)
	at java.base/java.util.concurrent.ThreadPoolExecutor.runWorker(ThreadPoolExecutor.java:1128)
	at java.base/java.util.concurrent.ThreadPoolExecutor$Worker.run(ThreadPoolExecutor.java:628)
	at java.base/java.lang.Thread.run(Thread.java:829)
24/05/16 20:02:11 ERROR FsHistoryProvider: Exception while merging application listings
org.apache.spark.SparkIllegalArgumentException: [CODEC_NOT_AVAILABLE] The codec log is not available. Consider to set the config "spark.io.compression.codec" to "snappy".
	at org.apache.spark.io.CompressionCodec$.$anonfun$createCodec$2(CompressionCodec.scala:92)
	at scala.Option.getOrElse(Option.scala:189)
	at org.apache.spark.io.CompressionCodec$.createCodec(CompressionCodec.scala:92)
	at org.apache.spark.deploy.history.EventLogFileReader$.$anonfun$openEventLog$2(EventLogFileReaders.scala:142)
	at java.base/java.util.concurrent.ConcurrentHashMap.computeIfAbsent(ConcurrentHashMap.java:1705)
	at org.apache.spark.deploy.history.EventLogFileReader$.$anonfun$openEventLog$1(EventLogFileReaders.scala:142)
	at scala.Option.map(Option.scala:230)
	at org.apache.spark.deploy.history.EventLogFileReader$.openEventLog(EventLogFileReaders.scala:141)
	at org.apache.spark.deploy.history.FsHistoryProvider.$anonfun$parseAppEventLogs$2(FsHistoryProvider.scala:1138)
	at org.apache.spark.util.SparkErrorUtils.tryWithResource(SparkErrorUtils.scala:47)
	at org.apache.spark.util.SparkErrorUtils.tryWithResource$(SparkErrorUtils.scala:46)
	at org.apache.spark.util.Utils$.tryWithResource(Utils.scala:94)
	at org.apache.spark.deploy.history.FsHistoryProvider.$anonfun$parseAppEventLogs$1(FsHistoryProvider.scala:1138)
	at org.apache.spark.deploy.history.FsHistoryProvider.$anonfun$parseAppEventLogs$1$adapted(FsHistoryProvider.scala:1136)
	at scala.collection.immutable.List.foreach(List.scala:431)
	at org.apache.spark.deploy.history.FsHistoryProvider.parseAppEventLogs(FsHistoryProvider.scala:1136)
	at org.apache.spark.deploy.history.FsHistoryProvider.doMergeApplicationListingInternal(FsHistoryProvider.scala:796)
	at org.apache.spark.deploy.history.FsHistoryProvider.doMergeApplicationListing(FsHistoryProvider.scala:765)
	at org.apache.spark.deploy.history.FsHistoryProvider.mergeApplicationListing(FsHistoryProvider.scala:714)
	at org.apache.spark.deploy.history.FsHistoryProvider.$anonfun$checkForLogs$18(FsHistoryProvider.scala:581)
	at java.base/java.util.concurrent.Executors$RunnableAdapter.call(Executors.java:515)
	at java.base/java.util.concurrent.FutureTask.run(FutureTask.java:264)
	at java.base/java.util.concurrent.ThreadPoolExecutor.runWorker(ThreadPoolExecutor.java:1128)
	at java.base/java.util.concurrent.ThreadPoolExecutor$Worker.run(ThreadPoolExecutor.java:628)
	at java.base/java.lang.Thread.run(Thread.java:829)
24/05/16 20:02:21 INFO FsHistoryProvider: Parsing file:/tmp/spark-events/SparkHistoryServer_GC_18080.log for listing data...
24/05/16 20:02:21 INFO FsHistoryProvider: Parsing file:/tmp/spark-events/spark--org.apache.spark.deploy.history.HistoryServer-1-5ea35cb32f71.out for listing data...
24/05/16 20:02:21 ERROR FsHistoryProvider: Exception while merging application listings
org.apache.spark.SparkIllegalArgumentException: [CODEC_NOT_AVAILABLE] The codec log is not available. Consider to set the config "spark.io.compression.codec" to "snappy".
	at org.apache.spark.io.CompressionCodec$.$anonfun$createCodec$2(CompressionCodec.scala:92)
	at scala.Option.getOrElse(Option.scala:189)
	at org.apache.spark.io.CompressionCodec$.createCodec(CompressionCodec.scala:92)
	at org.apache.spark.deploy.history.EventLogFileReader$.$anonfun$openEventLog$2(EventLogFileReaders.scala:142)
	at java.base/java.util.concurrent.ConcurrentHashMap.computeIfAbsent(ConcurrentHashMap.java:1705)
	at org.apache.spark.deploy.history.EventLogFileReader$.$anonfun$openEventLog$1(EventLogFileReaders.scala:142)
	at scala.Option.map(Option.scala:230)
	at org.apache.spark.deploy.history.EventLogFileReader$.openEventLog(EventLogFileReaders.scala:141)
	at org.apache.spark.deploy.history.FsHistoryProvider.$anonfun$parseAppEventLogs$2(FsHistoryProvider.scala:1138)
	at org.apache.spark.util.SparkErrorUtils.tryWithResource(SparkErrorUtils.scala:47)
	at org.apache.spark.util.SparkErrorUtils.tryWithResource$(SparkErrorUtils.scala:46)
	at org.apache.spark.util.Utils$.tryWithResource(Utils.scala:94)
	at org.apache.spark.deploy.history.FsHistoryProvider.$anonfun$parseAppEventLogs$1(FsHistoryProvider.scala:1138)
	at org.apache.spark.deploy.history.FsHistoryProvider.$anonfun$parseAppEventLogs$1$adapted(FsHistoryProvider.scala:1136)
	at scala.collection.immutable.List.foreach(List.scala:431)
	at org.apache.spark.deploy.history.FsHistoryProvider.parseAppEventLogs(FsHistoryProvider.scala:1136)
	at org.apache.spark.deploy.history.FsHistoryProvider.doMergeApplicationListingInternal(FsHistoryProvider.scala:796)
	at org.apache.spark.deploy.history.FsHistoryProvider.doMergeApplicationListing(FsHistoryProvider.scala:765)
	at org.apache.spark.deploy.history.FsHistoryProvider.mergeApplicationListing(FsHistoryProvider.scala:714)
	at org.apache.spark.deploy.history.FsHistoryProvider.$anonfun$checkForLogs$18(FsHistoryProvider.scala:581)
	at java.base/java.util.concurrent.Executors$RunnableAdapter.call(Executors.java:515)
	at java.base/java.util.concurrent.FutureTask.run(FutureTask.java:264)
	at java.base/java.util.concurrent.ThreadPoolExecutor.runWorker(ThreadPoolExecutor.java:1128)
	at java.base/java.util.concurrent.ThreadPoolExecutor$Worker.run(ThreadPoolExecutor.java:628)
	at java.base/java.lang.Thread.run(Thread.java:829)
24/05/16 20:02:21 ERROR FsHistoryProvider: Exception while merging application listings
org.apache.spark.SparkIllegalArgumentException: [CODEC_NOT_AVAILABLE] The codec out is not available. Consider to set the config "spark.io.compression.codec" to "snappy".
	at org.apache.spark.io.CompressionCodec$.$anonfun$createCodec$2(CompressionCodec.scala:92)
	at scala.Option.getOrElse(Option.scala:189)
	at org.apache.spark.io.CompressionCodec$.createCodec(CompressionCodec.scala:92)
	at org.apache.spark.deploy.history.EventLogFileReader$.$anonfun$openEventLog$2(EventLogFileReaders.scala:142)
	at java.base/java.util.concurrent.ConcurrentHashMap.computeIfAbsent(ConcurrentHashMap.java:1705)
	at org.apache.spark.deploy.history.EventLogFileReader$.$anonfun$openEventLog$1(EventLogFileReaders.scala:142)
	at scala.Option.map(Option.scala:230)
	at org.apache.spark.deploy.history.EventLogFileReader$.openEventLog(EventLogFileReaders.scala:141)
	at org.apache.spark.deploy.history.FsHistoryProvider.$anonfun$parseAppEventLogs$2(FsHistoryProvider.scala:1138)
	at org.apache.spark.util.SparkErrorUtils.tryWithResource(SparkErrorUtils.scala:47)
	at org.apache.spark.util.SparkErrorUtils.tryWithResource$(SparkErrorUtils.scala:46)
	at org.apache.spark.util.Utils$.tryWithResource(Utils.scala:94)
	at org.apache.spark.deploy.history.FsHistoryProvider.$anonfun$parseAppEventLogs$1(FsHistoryProvider.scala:1138)
	at org.apache.spark.deploy.history.FsHistoryProvider.$anonfun$parseAppEventLogs$1$adapted(FsHistoryProvider.scala:1136)
	at scala.collection.immutable.List.foreach(List.scala:431)
	at org.apache.spark.deploy.history.FsHistoryProvider.parseAppEventLogs(FsHistoryProvider.scala:1136)
	at org.apache.spark.deploy.history.FsHistoryProvider.doMergeApplicationListingInternal(FsHistoryProvider.scala:796)
	at org.apache.spark.deploy.history.FsHistoryProvider.doMergeApplicationListing(FsHistoryProvider.scala:765)
	at org.apache.spark.deploy.history.FsHistoryProvider.mergeApplicationListing(FsHistoryProvider.scala:714)
	at org.apache.spark.deploy.history.FsHistoryProvider.$anonfun$checkForLogs$18(FsHistoryProvider.scala:581)
	at java.base/java.util.concurrent.Executors$RunnableAdapter.call(Executors.java:515)
	at java.base/java.util.concurrent.FutureTask.run(FutureTask.java:264)
	at java.base/java.util.concurrent.ThreadPoolExecutor.runWorker(ThreadPoolExecutor.java:1128)
	at java.base/java.util.concurrent.ThreadPoolExecutor$Worker.run(ThreadPoolExecutor.java:628)
	at java.base/java.lang.Thread.run(Thread.java:829)
24/05/16 20:02:31 INFO FsHistoryProvider: Parsing file:/tmp/spark-events/SparkHistoryServer_GC_18080.log for listing data...
24/05/16 20:02:31 INFO FsHistoryProvider: Parsing file:/tmp/spark-events/spark--org.apache.spark.deploy.history.HistoryServer-1-5ea35cb32f71.out for listing data...
24/05/16 20:02:31 ERROR FsHistoryProvider: Exception while merging application listings
org.apache.spark.SparkIllegalArgumentException: [CODEC_NOT_AVAILABLE] The codec log is not available. Consider to set the config "spark.io.compression.codec" to "snappy".
	at org.apache.spark.io.CompressionCodec$.$anonfun$createCodec$2(CompressionCodec.scala:92)
	at scala.Option.getOrElse(Option.scala:189)
	at org.apache.spark.io.CompressionCodec$.createCodec(CompressionCodec.scala:92)
	at org.apache.spark.deploy.history.EventLogFileReader$.$anonfun$openEventLog$2(EventLogFileReaders.scala:142)
	at java.base/java.util.concurrent.ConcurrentHashMap.computeIfAbsent(ConcurrentHashMap.java:1705)
	at org.apache.spark.deploy.history.EventLogFileReader$.$anonfun$openEventLog$1(EventLogFileReaders.scala:142)
	at scala.Option.map(Option.scala:230)
	at org.apache.spark.deploy.history.EventLogFileReader$.openEventLog(EventLogFileReaders.scala:141)
	at org.apache.spark.deploy.history.FsHistoryProvider.$anonfun$parseAppEventLogs$2(FsHistoryProvider.scala:1138)
	at org.apache.spark.util.SparkErrorUtils.tryWithResource(SparkErrorUtils.scala:47)
	at org.apache.spark.util.SparkErrorUtils.tryWithResource$(SparkErrorUtils.scala:46)
	at org.apache.spark.util.Utils$.tryWithResource(Utils.scala:94)
	at org.apache.spark.deploy.history.FsHistoryProvider.$anonfun$parseAppEventLogs$1(FsHistoryProvider.scala:1138)
	at org.apache.spark.deploy.history.FsHistoryProvider.$anonfun$parseAppEventLogs$1$adapted(FsHistoryProvider.scala:1136)
	at scala.collection.immutable.List.foreach(List.scala:431)
	at org.apache.spark.deploy.history.FsHistoryProvider.parseAppEventLogs(FsHistoryProvider.scala:1136)
	at org.apache.spark.deploy.history.FsHistoryProvider.doMergeApplicationListingInternal(FsHistoryProvider.scala:796)
	at org.apache.spark.deploy.history.FsHistoryProvider.doMergeApplicationListing(FsHistoryProvider.scala:765)
	at org.apache.spark.deploy.history.FsHistoryProvider.mergeApplicationListing(FsHistoryProvider.scala:714)
	at org.apache.spark.deploy.history.FsHistoryProvider.$anonfun$checkForLogs$18(FsHistoryProvider.scala:581)
	at java.base/java.util.concurrent.Executors$RunnableAdapter.call(Executors.java:515)
	at java.base/java.util.concurrent.FutureTask.run(FutureTask.java:264)
	at java.base/java.util.concurrent.ThreadPoolExecutor.runWorker(ThreadPoolExecutor.java:1128)
	at java.base/java.util.concurrent.ThreadPoolExecutor$Worker.run(ThreadPoolExecutor.java:628)
	at java.base/java.lang.Thread.run(Thread.java:829)
24/05/16 20:02:31 ERROR FsHistoryProvider: Exception while merging application listings
org.apache.spark.SparkIllegalArgumentException: [CODEC_NOT_AVAILABLE] The codec out is not available. Consider to set the config "spark.io.compression.codec" to "snappy".
	at org.apache.spark.io.CompressionCodec$.$anonfun$createCodec$2(CompressionCodec.scala:92)
	at scala.Option.getOrElse(Option.scala:189)
	at org.apache.spark.io.CompressionCodec$.createCodec(CompressionCodec.scala:92)
	at org.apache.spark.deploy.history.EventLogFileReader$.$anonfun$openEventLog$2(EventLogFileReaders.scala:142)
	at java.base/java.util.concurrent.ConcurrentHashMap.computeIfAbsent(ConcurrentHashMap.java:1705)
	at org.apache.spark.deploy.history.EventLogFileReader$.$anonfun$openEventLog$1(EventLogFileReaders.scala:142)
	at scala.Option.map(Option.scala:230)
	at org.apache.spark.deploy.history.EventLogFileReader$.openEventLog(EventLogFileReaders.scala:141)
	at org.apache.spark.deploy.history.FsHistoryProvider.$anonfun$parseAppEventLogs$2(FsHistoryProvider.scala:1138)
	at org.apache.spark.util.SparkErrorUtils.tryWithResource(SparkErrorUtils.scala:47)
	at org.apache.spark.util.SparkErrorUtils.tryWithResource$(SparkErrorUtils.scala:46)
	at org.apache.spark.util.Utils$.tryWithResource(Utils.scala:94)
	at org.apache.spark.deploy.history.FsHistoryProvider.$anonfun$parseAppEventLogs$1(FsHistoryProvider.scala:1138)
	at org.apache.spark.deploy.history.FsHistoryProvider.$anonfun$parseAppEventLogs$1$adapted(FsHistoryProvider.scala:1136)
	at scala.collection.immutable.List.foreach(List.scala:431)
	at org.apache.spark.deploy.history.FsHistoryProvider.parseAppEventLogs(FsHistoryProvider.scala:1136)
	at org.apache.spark.deploy.history.FsHistoryProvider.doMergeApplicationListingInternal(FsHistoryProvider.scala:796)
	at org.apache.spark.deploy.history.FsHistoryProvider.doMergeApplicationListing(FsHistoryProvider.scala:765)
	at org.apache.spark.deploy.history.FsHistoryProvider.mergeApplicationListing(FsHistoryProvider.scala:714)
	at org.apache.spark.deploy.history.FsHistoryProvider.$anonfun$checkForLogs$18(FsHistoryProvider.scala:581)
	at java.base/java.util.concurrent.Executors$RunnableAdapter.call(Executors.java:515)
	at java.base/java.util.concurrent.FutureTask.run(FutureTask.java:264)
	at java.base/java.util.concurrent.ThreadPoolExecutor.runWorker(ThreadPoolExecutor.java:1128)
	at java.base/java.util.concurrent.ThreadPoolExecutor$Worker.run(ThreadPoolExecutor.java:628)
	at java.base/java.lang.Thread.run(Thread.java:829)
24/05/16 20:02:41 INFO FsHistoryProvider: Parsing file:/tmp/spark-events/spark--org.apache.spark.deploy.history.HistoryServer-1-5ea35cb32f71.out for listing data...
24/05/16 20:02:41 INFO FsHistoryProvider: Parsing file:/tmp/spark-events/SparkHistoryServer_GC_18080.log for listing data...
24/05/16 20:02:41 ERROR FsHistoryProvider: Exception while merging application listings
org.apache.spark.SparkIllegalArgumentException: [CODEC_NOT_AVAILABLE] The codec log is not available. Consider to set the config "spark.io.compression.codec" to "snappy".
	at org.apache.spark.io.CompressionCodec$.$anonfun$createCodec$2(CompressionCodec.scala:92)
	at scala.Option.getOrElse(Option.scala:189)
	at org.apache.spark.io.CompressionCodec$.createCodec(CompressionCodec.scala:92)
	at org.apache.spark.deploy.history.EventLogFileReader$.$anonfun$openEventLog$2(EventLogFileReaders.scala:142)
	at java.base/java.util.concurrent.ConcurrentHashMap.computeIfAbsent(ConcurrentHashMap.java:1705)
	at org.apache.spark.deploy.history.EventLogFileReader$.$anonfun$openEventLog$1(EventLogFileReaders.scala:142)
	at scala.Option.map(Option.scala:230)
	at org.apache.spark.deploy.history.EventLogFileReader$.openEventLog(EventLogFileReaders.scala:141)
	at org.apache.spark.deploy.history.FsHistoryProvider.$anonfun$parseAppEventLogs$2(FsHistoryProvider.scala:1138)
	at org.apache.spark.util.SparkErrorUtils.tryWithResource(SparkErrorUtils.scala:47)
	at org.apache.spark.util.SparkErrorUtils.tryWithResource$(SparkErrorUtils.scala:46)
	at org.apache.spark.util.Utils$.tryWithResource(Utils.scala:94)
	at org.apache.spark.deploy.history.FsHistoryProvider.$anonfun$parseAppEventLogs$1(FsHistoryProvider.scala:1138)
	at org.apache.spark.deploy.history.FsHistoryProvider.$anonfun$parseAppEventLogs$1$adapted(FsHistoryProvider.scala:1136)
	at scala.collection.immutable.List.foreach(List.scala:431)
	at org.apache.spark.deploy.history.FsHistoryProvider.parseAppEventLogs(FsHistoryProvider.scala:1136)
	at org.apache.spark.deploy.history.FsHistoryProvider.doMergeApplicationListingInternal(FsHistoryProvider.scala:796)
	at org.apache.spark.deploy.history.FsHistoryProvider.doMergeApplicationListing(FsHistoryProvider.scala:765)
	at org.apache.spark.deploy.history.FsHistoryProvider.mergeApplicationListing(FsHistoryProvider.scala:714)
	at org.apache.spark.deploy.history.FsHistoryProvider.$anonfun$checkForLogs$18(FsHistoryProvider.scala:581)
	at java.base/java.util.concurrent.Executors$RunnableAdapter.call(Executors.java:515)
	at java.base/java.util.concurrent.FutureTask.run(FutureTask.java:264)
	at java.base/java.util.concurrent.ThreadPoolExecutor.runWorker(ThreadPoolExecutor.java:1128)
	at java.base/java.util.concurrent.ThreadPoolExecutor$Worker.run(ThreadPoolExecutor.java:628)
	at java.base/java.lang.Thread.run(Thread.java:829)
24/05/16 20:02:41 ERROR FsHistoryProvider: Exception while merging application listings
org.apache.spark.SparkIllegalArgumentException: [CODEC_NOT_AVAILABLE] The codec out is not available. Consider to set the config "spark.io.compression.codec" to "snappy".
	at org.apache.spark.io.CompressionCodec$.$anonfun$createCodec$2(CompressionCodec.scala:92)
	at scala.Option.getOrElse(Option.scala:189)
	at org.apache.spark.io.CompressionCodec$.createCodec(CompressionCodec.scala:92)
	at org.apache.spark.deploy.history.EventLogFileReader$.$anonfun$openEventLog$2(EventLogFileReaders.scala:142)
	at java.base/java.util.concurrent.ConcurrentHashMap.computeIfAbsent(ConcurrentHashMap.java:1705)
	at org.apache.spark.deploy.history.EventLogFileReader$.$anonfun$openEventLog$1(EventLogFileReaders.scala:142)
	at scala.Option.map(Option.scala:230)
	at org.apache.spark.deploy.history.EventLogFileReader$.openEventLog(EventLogFileReaders.scala:141)
	at org.apache.spark.deploy.history.FsHistoryProvider.$anonfun$parseAppEventLogs$2(FsHistoryProvider.scala:1138)
	at org.apache.spark.util.SparkErrorUtils.tryWithResource(SparkErrorUtils.scala:47)
	at org.apache.spark.util.SparkErrorUtils.tryWithResource$(SparkErrorUtils.scala:46)
	at org.apache.spark.util.Utils$.tryWithResource(Utils.scala:94)
	at org.apache.spark.deploy.history.FsHistoryProvider.$anonfun$parseAppEventLogs$1(FsHistoryProvider.scala:1138)
	at org.apache.spark.deploy.history.FsHistoryProvider.$anonfun$parseAppEventLogs$1$adapted(FsHistoryProvider.scala:1136)
	at scala.collection.immutable.List.foreach(List.scala:431)
	at org.apache.spark.deploy.history.FsHistoryProvider.parseAppEventLogs(FsHistoryProvider.scala:1136)
	at org.apache.spark.deploy.history.FsHistoryProvider.doMergeApplicationListingInternal(FsHistoryProvider.scala:796)
	at org.apache.spark.deploy.history.FsHistoryProvider.doMergeApplicationListing(FsHistoryProvider.scala:765)
	at org.apache.spark.deploy.history.FsHistoryProvider.mergeApplicationListing(FsHistoryProvider.scala:714)
	at org.apache.spark.deploy.history.FsHistoryProvider.$anonfun$checkForLogs$18(FsHistoryProvider.scala:581)
	at java.base/java.util.concurrent.Executors$RunnableAdapter.call(Executors.java:515)
	at java.base/java.util.concurrent.FutureTask.run(FutureTask.java:264)
	at java.base/java.util.concurrent.ThreadPoolExecutor.runWorker(ThreadPoolExecutor.java:1128)
	at java.base/java.util.concurrent.ThreadPoolExecutor$Worker.run(ThreadPoolExecutor.java:628)
	at java.base/java.lang.Thread.run(Thread.java:829)
24/05/16 20:02:51 INFO FsHistoryProvider: Parsing file:/tmp/spark-events/spark--org.apache.spark.deploy.history.HistoryServer-1-5ea35cb32f71.out for listing data...
24/05/16 20:02:51 INFO FsHistoryProvider: Parsing file:/tmp/spark-events/SparkHistoryServer_GC_18080.log for listing data...
24/05/16 20:02:51 ERROR FsHistoryProvider: Exception while merging application listings
org.apache.spark.SparkIllegalArgumentException: [CODEC_NOT_AVAILABLE] The codec log is not available. Consider to set the config "spark.io.compression.codec" to "snappy".
	at org.apache.spark.io.CompressionCodec$.$anonfun$createCodec$2(CompressionCodec.scala:92)
	at scala.Option.getOrElse(Option.scala:189)
	at org.apache.spark.io.CompressionCodec$.createCodec(CompressionCodec.scala:92)
	at org.apache.spark.deploy.history.EventLogFileReader$.$anonfun$openEventLog$2(EventLogFileReaders.scala:142)
	at java.base/java.util.concurrent.ConcurrentHashMap.computeIfAbsent(ConcurrentHashMap.java:1705)
	at org.apache.spark.deploy.history.EventLogFileReader$.$anonfun$openEventLog$1(EventLogFileReaders.scala:142)
	at scala.Option.map(Option.scala:230)
	at org.apache.spark.deploy.history.EventLogFileReader$.openEventLog(EventLogFileReaders.scala:141)
	at org.apache.spark.deploy.history.FsHistoryProvider.$anonfun$parseAppEventLogs$2(FsHistoryProvider.scala:1138)
	at org.apache.spark.util.SparkErrorUtils.tryWithResource(SparkErrorUtils.scala:47)
	at org.apache.spark.util.SparkErrorUtils.tryWithResource$(SparkErrorUtils.scala:46)
	at org.apache.spark.util.Utils$.tryWithResource(Utils.scala:94)
	at org.apache.spark.deploy.history.FsHistoryProvider.$anonfun$parseAppEventLogs$1(FsHistoryProvider.scala:1138)
	at org.apache.spark.deploy.history.FsHistoryProvider.$anonfun$parseAppEventLogs$1$adapted(FsHistoryProvider.scala:1136)
	at scala.collection.immutable.List.foreach(List.scala:431)
	at org.apache.spark.deploy.history.FsHistoryProvider.parseAppEventLogs(FsHistoryProvider.scala:1136)
	at org.apache.spark.deploy.history.FsHistoryProvider.doMergeApplicationListingInternal(FsHistoryProvider.scala:796)
	at org.apache.spark.deploy.history.FsHistoryProvider.doMergeApplicationListing(FsHistoryProvider.scala:765)
	at org.apache.spark.deploy.history.FsHistoryProvider.mergeApplicationListing(FsHistoryProvider.scala:714)
	at org.apache.spark.deploy.history.FsHistoryProvider.$anonfun$checkForLogs$18(FsHistoryProvider.scala:581)
	at java.base/java.util.concurrent.Executors$RunnableAdapter.call(Executors.java:515)
	at java.base/java.util.concurrent.FutureTask.run(FutureTask.java:264)
	at java.base/java.util.concurrent.ThreadPoolExecutor.runWorker(ThreadPoolExecutor.java:1128)
	at java.base/java.util.concurrent.ThreadPoolExecutor$Worker.run(ThreadPoolExecutor.java:628)
	at java.base/java.lang.Thread.run(Thread.java:829)
24/05/16 20:02:51 ERROR FsHistoryProvider: Exception while merging application listings
org.apache.spark.SparkIllegalArgumentException: [CODEC_NOT_AVAILABLE] The codec out is not available. Consider to set the config "spark.io.compression.codec" to "snappy".
	at org.apache.spark.io.CompressionCodec$.$anonfun$createCodec$2(CompressionCodec.scala:92)
	at scala.Option.getOrElse(Option.scala:189)
	at org.apache.spark.io.CompressionCodec$.createCodec(CompressionCodec.scala:92)
	at org.apache.spark.deploy.history.EventLogFileReader$.$anonfun$openEventLog$2(EventLogFileReaders.scala:142)
	at java.base/java.util.concurrent.ConcurrentHashMap.computeIfAbsent(ConcurrentHashMap.java:1705)
	at org.apache.spark.deploy.history.EventLogFileReader$.$anonfun$openEventLog$1(EventLogFileReaders.scala:142)
	at scala.Option.map(Option.scala:230)
	at org.apache.spark.deploy.history.EventLogFileReader$.openEventLog(EventLogFileReaders.scala:141)
	at org.apache.spark.deploy.history.FsHistoryProvider.$anonfun$parseAppEventLogs$2(FsHistoryProvider.scala:1138)
	at org.apache.spark.util.SparkErrorUtils.tryWithResource(SparkErrorUtils.scala:47)
	at org.apache.spark.util.SparkErrorUtils.tryWithResource$(SparkErrorUtils.scala:46)
	at org.apache.spark.util.Utils$.tryWithResource(Utils.scala:94)
	at org.apache.spark.deploy.history.FsHistoryProvider.$anonfun$parseAppEventLogs$1(FsHistoryProvider.scala:1138)
	at org.apache.spark.deploy.history.FsHistoryProvider.$anonfun$parseAppEventLogs$1$adapted(FsHistoryProvider.scala:1136)
	at scala.collection.immutable.List.foreach(List.scala:431)
	at org.apache.spark.deploy.history.FsHistoryProvider.parseAppEventLogs(FsHistoryProvider.scala:1136)
	at org.apache.spark.deploy.history.FsHistoryProvider.doMergeApplicationListingInternal(FsHistoryProvider.scala:796)
	at org.apache.spark.deploy.history.FsHistoryProvider.doMergeApplicationListing(FsHistoryProvider.scala:765)
	at org.apache.spark.deploy.history.FsHistoryProvider.mergeApplicationListing(FsHistoryProvider.scala:714)
	at org.apache.spark.deploy.history.FsHistoryProvider.$anonfun$checkForLogs$18(FsHistoryProvider.scala:581)
	at java.base/java.util.concurrent.Executors$RunnableAdapter.call(Executors.java:515)
	at java.base/java.util.concurrent.FutureTask.run(FutureTask.java:264)
	at java.base/java.util.concurrent.ThreadPoolExecutor.runWorker(ThreadPoolExecutor.java:1128)
	at java.base/java.util.concurrent.ThreadPoolExecutor$Worker.run(ThreadPoolExecutor.java:628)
	at java.base/java.lang.Thread.run(Thread.java:829)
24/05/16 20:03:01 INFO FsHistoryProvider: Parsing file:/tmp/spark-events/spark--org.apache.spark.deploy.history.HistoryServer-1-5ea35cb32f71.out for listing data...
24/05/16 20:03:01 INFO FsHistoryProvider: Parsing file:/tmp/spark-events/SparkHistoryServer_GC_18080.log for listing data...
24/05/16 20:03:02 ERROR FsHistoryProvider: Exception while merging application listings
org.apache.spark.SparkIllegalArgumentException: [CODEC_NOT_AVAILABLE] The codec log is not available. Consider to set the config "spark.io.compression.codec" to "snappy".
	at org.apache.spark.io.CompressionCodec$.$anonfun$createCodec$2(CompressionCodec.scala:92)
	at scala.Option.getOrElse(Option.scala:189)
	at org.apache.spark.io.CompressionCodec$.createCodec(CompressionCodec.scala:92)
	at org.apache.spark.deploy.history.EventLogFileReader$.$anonfun$openEventLog$2(EventLogFileReaders.scala:142)
	at java.base/java.util.concurrent.ConcurrentHashMap.computeIfAbsent(ConcurrentHashMap.java:1705)
	at org.apache.spark.deploy.history.EventLogFileReader$.$anonfun$openEventLog$1(EventLogFileReaders.scala:142)
	at scala.Option.map(Option.scala:230)
	at org.apache.spark.deploy.history.EventLogFileReader$.openEventLog(EventLogFileReaders.scala:141)
	at org.apache.spark.deploy.history.FsHistoryProvider.$anonfun$parseAppEventLogs$2(FsHistoryProvider.scala:1138)
	at org.apache.spark.util.SparkErrorUtils.tryWithResource(SparkErrorUtils.scala:47)
	at org.apache.spark.util.SparkErrorUtils.tryWithResource$(SparkErrorUtils.scala:46)
	at org.apache.spark.util.Utils$.tryWithResource(Utils.scala:94)
	at org.apache.spark.deploy.history.FsHistoryProvider.$anonfun$parseAppEventLogs$1(FsHistoryProvider.scala:1138)
	at org.apache.spark.deploy.history.FsHistoryProvider.$anonfun$parseAppEventLogs$1$adapted(FsHistoryProvider.scala:1136)
	at scala.collection.immutable.List.foreach(List.scala:431)
	at org.apache.spark.deploy.history.FsHistoryProvider.parseAppEventLogs(FsHistoryProvider.scala:1136)
	at org.apache.spark.deploy.history.FsHistoryProvider.doMergeApplicationListingInternal(FsHistoryProvider.scala:796)
	at org.apache.spark.deploy.history.FsHistoryProvider.doMergeApplicationListing(FsHistoryProvider.scala:765)
	at org.apache.spark.deploy.history.FsHistoryProvider.mergeApplicationListing(FsHistoryProvider.scala:714)
	at org.apache.spark.deploy.history.FsHistoryProvider.$anonfun$checkForLogs$18(FsHistoryProvider.scala:581)
	at java.base/java.util.concurrent.Executors$RunnableAdapter.call(Executors.java:515)
	at java.base/java.util.concurrent.FutureTask.run(FutureTask.java:264)
	at java.base/java.util.concurrent.ThreadPoolExecutor.runWorker(ThreadPoolExecutor.java:1128)
	at java.base/java.util.concurrent.ThreadPoolExecutor$Worker.run(ThreadPoolExecutor.java:628)
	at java.base/java.lang.Thread.run(Thread.java:829)
24/05/16 20:03:02 ERROR FsHistoryProvider: Exception while merging application listings
org.apache.spark.SparkIllegalArgumentException: [CODEC_NOT_AVAILABLE] The codec out is not available. Consider to set the config "spark.io.compression.codec" to "snappy".
	at org.apache.spark.io.CompressionCodec$.$anonfun$createCodec$2(CompressionCodec.scala:92)
	at scala.Option.getOrElse(Option.scala:189)
	at org.apache.spark.io.CompressionCodec$.createCodec(CompressionCodec.scala:92)
	at org.apache.spark.deploy.history.EventLogFileReader$.$anonfun$openEventLog$2(EventLogFileReaders.scala:142)
	at java.base/java.util.concurrent.ConcurrentHashMap.computeIfAbsent(ConcurrentHashMap.java:1705)
	at org.apache.spark.deploy.history.EventLogFileReader$.$anonfun$openEventLog$1(EventLogFileReaders.scala:142)
	at scala.Option.map(Option.scala:230)
	at org.apache.spark.deploy.history.EventLogFileReader$.openEventLog(EventLogFileReaders.scala:141)
	at org.apache.spark.deploy.history.FsHistoryProvider.$anonfun$parseAppEventLogs$2(FsHistoryProvider.scala:1138)
	at org.apache.spark.util.SparkErrorUtils.tryWithResource(SparkErrorUtils.scala:47)
	at org.apache.spark.util.SparkErrorUtils.tryWithResource$(SparkErrorUtils.scala:46)
	at org.apache.spark.util.Utils$.tryWithResource(Utils.scala:94)
	at org.apache.spark.deploy.history.FsHistoryProvider.$anonfun$parseAppEventLogs$1(FsHistoryProvider.scala:1138)
	at org.apache.spark.deploy.history.FsHistoryProvider.$anonfun$parseAppEventLogs$1$adapted(FsHistoryProvider.scala:1136)
	at scala.collection.immutable.List.foreach(List.scala:431)
	at org.apache.spark.deploy.history.FsHistoryProvider.parseAppEventLogs(FsHistoryProvider.scala:1136)
	at org.apache.spark.deploy.history.FsHistoryProvider.doMergeApplicationListingInternal(FsHistoryProvider.scala:796)
	at org.apache.spark.deploy.history.FsHistoryProvider.doMergeApplicationListing(FsHistoryProvider.scala:765)
	at org.apache.spark.deploy.history.FsHistoryProvider.mergeApplicationListing(FsHistoryProvider.scala:714)
	at org.apache.spark.deploy.history.FsHistoryProvider.$anonfun$checkForLogs$18(FsHistoryProvider.scala:581)
	at java.base/java.util.concurrent.Executors$RunnableAdapter.call(Executors.java:515)
	at java.base/java.util.concurrent.FutureTask.run(FutureTask.java:264)
	at java.base/java.util.concurrent.ThreadPoolExecutor.runWorker(ThreadPoolExecutor.java:1128)
	at java.base/java.util.concurrent.ThreadPoolExecutor$Worker.run(ThreadPoolExecutor.java:628)
	at java.base/java.lang.Thread.run(Thread.java:829)
